<?xml version="1.0" encoding="UTF-8"?>
<testsuite xmlns:xsi="http://www.w3.org/2001/XMLSchema-instance" xsi:noNamespaceSchemaLocation="https://maven.apache.org/surefire/maven-surefire-plugin/xsd/surefire-test-report-3.0.xsd" version="3.0" name="ccm.models.system.justin.JustinAgencyFileTest" time="0.283" tests="4" errors="0" skipped="0" failures="0">
  <properties>
[...]
</properties>
  <testcase name="testAgencyFileConversion" classname="ccm.models.system.justin.JustinAgencyFileTest" time="0.26"/>
  <testcase name="testInitiatingAgency" classname="ccm.models.system.justin.JustinAgencyFileTest" time="0.003"/>
  <testcase name="testJsonParsing" classname="ccm.models.system.justin.JustinAgencyFileTest" time="0.011"/>
  <testcase name="testJsonCustFieldParsing" classname="ccm.models.system.justin.JustinAgencyFileTest" time="0.005"/>
</testsuite>