<?xml version="1.0" encoding="UTF-8"?>
<testsuite xmlns:xsi="http://www.w3.org/2001/XMLSchema-instance" xsi:noNamespaceSchemaLocation="https://maven.apache.org/surefire/maven-surefire-plugin/xsd/surefire-test-report-3.0.xsd" version="3.0" name="ccm.CcmDemsAdapterTest" time="24.775" tests="1" errors="0" skipped="0" failures="0">
  <properties>
[...]
</properties>
  <testcase name="testPublishEventKPI" classname="ccm.CcmDemsAdapterTest" time="6.449">
    <system-out><![CDATA[2023-06-27 16:48:34,018 INFO  [org.tes.doc.DockerClientProviderStrategy] (build-53) Loaded org.testcontainers.dockerclient.NpipeSocketClientProviderStrategy from ~/.testcontainers.properties, will try it first
2023-06-27 16:48:34,569 INFO  [org.tes.doc.DockerClientProviderStrategy] (build-53) Found Docker environment with local Npipe socket (npipe:////./pipe/docker_engine)
2023-06-27 16:48:34,572 INFO  [org.tes.DockerClientFactory] (build-53) Docker host IP address is localhost
2023-06-27 16:48:34,593 INFO  [org.tes.DockerClientFactory] (build-53) Connected to docker: 
  Server Version: 23.0.5
  API Version: 1.42
  Operating System: Docker Desktop
  Total Memory: 77149 MB
2023-06-27 16:48:34,607 INFO  [org.tes.uti.ImageNameSubstitutor] (build-53) Image name substitution will be performed by: DefaultImageNameSubstitutor (composite of 'ConfigurationFileImageNameSubstitutor' and 'PrefixingImageNameSubstitutor')
2023-06-27 16:48:34,610 INFO  [org.tes.DockerClientFactory] (build-53) Checking the system...
2023-06-27 16:48:34,611 INFO  [org.tes.DockerClientFactory] (build-53) ?? Docker server version should be at least 1.6.0
2023-06-27 16:48:34,887 INFO  [doc.io/.3.4]] (build-53) Creating container for image: docker.io/vectorized/redpanda:v22.3.4
2023-06-27 16:48:34,930 INFO  [io.qua.kub.cli.dep.DevServicesKubernetesProcessor] (build-10) Not starting dev services for Kubernetes, the kubernetes client is auto-configured. Set quarkus.kubernetes-client.devservices.override-kubeconfig to true to use dev services for Kubernetes.
2023-06-27 16:48:35,268 INFO  [org.tes.uti.RegistryAuthLocator] (build-53) Credential helper/store (docker-credential-desktop) does not have credentials for docker.io
2023-06-27 16:48:35,275 INFO  [doc.3.4]] (build-53) Creating container for image: testcontainers/ryuk:0.3.4
2023-06-27 16:48:35,423 INFO  [org.tes.uti.RegistryAuthLocator] (build-53) Credential helper/store (docker-credential-desktop) does not have credentials for https://index.docker.io/v1/
2023-06-27 16:48:35,510 INFO  [doc.3.4]] (build-53) Container testcontainers/ryuk:0.3.4 is starting: d3c2b0f6957aa65b70843cc13794913d3a4c45a26e8d99c533f24e7d112ba541
2023-06-27 16:48:36,130 INFO  [doc.3.4]] (build-53) Container testcontainers/ryuk:0.3.4 started in PT0.8545825S
2023-06-27 16:48:36,201 INFO  [doc.io/.3.4]] (build-53) Container docker.io/vectorized/redpanda:v22.3.4 is starting: d343c429b95d02f644ce8f65914d5215809a66d35647d9b9233b19e510f6163a
2023-06-27 16:48:37,378 INFO  [doc.io/.3.4]] (build-53) Container docker.io/vectorized/redpanda:v22.3.4 started in PT2.7520057S
2023-06-27 16:48:37,380 INFO  [io.qua.kaf.cli.dep.DevServicesKafkaProcessor] (build-53) Dev Services for Kafka started. Other Quarkus applications in dev mode will find the broker automatically. For Quarkus applications in production mode, you can connect to this by starting your application with -Dkafka.bootstrap.servers=OUTSIDE://localhost:32771
2023-06-27 16:48:37,883 INFO  [org.tes.uti.ImageNameSubstitutor] (main) Image name substitution will be performed by: DefaultImageNameSubstitutor (composite of 'ConfigurationFileImageNameSubstitutor' and 'PrefixingImageNameSubstitutor')
2023-06-27 16:48:37,890 INFO  [ccm.KafkaTestResource] (pool-3-thread-1) starting Kafka
2023-06-27 16:48:37,903 INFO  [org.tes.doc.DockerClientProviderStrategy] (pool-3-thread-1) Loaded org.testcontainers.dockerclient.NpipeSocketClientProviderStrategy from ~/.testcontainers.properties, will try it first
2023-06-27 16:48:38,140 INFO  [org.tes.doc.DockerClientProviderStrategy] (pool-3-thread-1) Found Docker environment with local Npipe socket (npipe:////./pipe/docker_engine)
2023-06-27 16:48:38,141 INFO  [org.tes.DockerClientFactory] (pool-3-thread-1) Docker host IP address is localhost
2023-06-27 16:48:38,156 INFO  [org.tes.DockerClientFactory] (pool-3-thread-1) Connected to docker: 
  Server Version: 23.0.5
  API Version: 1.42
  Operating System: Docker Desktop
  Total Memory: 77149 MB
2023-06-27 16:48:38,320 INFO  [doc.3.4]] (pool-3-thread-1) Creating container for image: testcontainers/ryuk:0.3.4
2023-06-27 16:48:38,635 INFO  [org.tes.uti.RegistryAuthLocator] (pool-3-thread-1) Credential helper/store (docker-credential-desktop) does not have credentials for https://index.docker.io/v1/
2023-06-27 16:48:38,746 INFO  [doc.3.4]] (pool-3-thread-1) Container testcontainers/ryuk:0.3.4 is starting: fb4613196dcf233390e30250d3756e3806f96b6f2b7657bf58161810ad440110
2023-06-27 16:48:39,314 INFO  [doc.3.4]] (pool-3-thread-1) Container testcontainers/ryuk:0.3.4 started in PT1.1527775S
2023-06-27 16:48:39,319 INFO  [org.tes.uti.RyukResourceReaper] (pool-3-thread-1) Ryuk started - will monitor and terminate Testcontainers containers on JVM exit
2023-06-27 16:48:39,319 INFO  [org.tes.DockerClientFactory] (pool-3-thread-1) Checking the system...
2023-06-27 16:48:39,319 INFO  [org.tes.DockerClientFactory] (pool-3-thread-1) ?? Docker server version should be at least 1.6.0
2023-06-27 16:48:39,321 INFO  [io.str.tes.con.KafkaVersionService] (pool-3-thread-1) Latest release of Kafka is:LogicalKafkaVersionEntity{version='3.1.0', image='quay.io/strimzi-test-container/test-container:0.100.0-kafka-3.1.0'}
2023-06-27 16:48:39,321 INFO  [io.str.tes.con.KafkaVersionService] (pool-3-thread-1) Latest release of Kafka is:LogicalKafkaVersionEntity{version='3.1.0', image='quay.io/strimzi-test-container/test-container:0.100.0-kafka-3.1.0'}
2023-06-27 16:48:39,321 INFO  [io.str.tes.con.KafkaVersionService] (pool-3-thread-1) No Kafka version specified. Using latest release: quay.io/strimzi-test-container/test-container:0.100.0-kafka-3.1.0
2023-06-27 16:48:39,321 INFO  [doc.io/.100.0-k.1.0]] (pool-3-thread-1) Creating container for image: quay.io/strimzi-test-container/test-container:0.100.0-kafka-3.1.0
2023-06-27 16:48:39,488 INFO  [org.tes.uti.RegistryAuthLocator] (pool-3-thread-1) Credential helper/store (docker-credential-desktop) does not have credentials for quay.io
2023-06-27 16:48:39,552 INFO  [doc.io/.100.0-k.1.0]] (pool-3-thread-1) Container quay.io/strimzi-test-container/test-container:0.100.0-kafka-3.1.0 is starting: 2c5b6ef85d02c9bccb6dfb1646228085e9db121224adb29b8455fc0c36d200b4
2023-06-27 16:48:40,182 INFO  [io.str.tes.con.StrimziKafkaContainer] (pool-3-thread-1) Mapped port: 62794
2023-06-27 16:48:40,182 INFO  [io.str.tes.con.StrimziKafkaContainer] (pool-3-thread-1) This is all advertised listeners for Kafka PLAINTEXT://localhost:62794,BROKER1://172.24.0.2:9093
2023-06-27 16:48:40,182 INFO  [io.str.tes.con.StrimziKafkaContainer] (pool-3-thread-1) Copying command to 'STARTER_SCRIPT' script.
2023-06-27 16:48:42,005 INFO  [doc.io/.100.0-k.1.0]] (pool-3-thread-1) Container quay.io/strimzi-test-container/test-container:0.100.0-kafka-3.1.0 started in PT2.6844525S
2023-06-27 16:48:42,685 INFO  [org.apa.cam.qua.cor.CamelBootstrapRecorder] (main) Bootstrap runtime: org.apache.camel.quarkus.main.CamelMainRuntime
2023-06-27 16:48:42,686 INFO  [org.apa.cam.mai.MainSupport] (main) Apache Camel (Main) 3.20.1 is starting
2023-06-27 16:48:42,740 INFO  [org.apa.cam.mai.BaseMainSupport] (main) Auto-configuration summary
2023-06-27 16:48:42,740 INFO  [org.apa.cam.mai.BaseMainSupport] (main)     [MicroProfilePropertiesSource] camel.main.modeline=true
2023-06-27 16:48:42,740 INFO  [org.apa.cam.mai.BaseMainSupport] (main)     [MicroProfilePropertiesSource] camel.main.durationHitExitCode=15
2023-06-27 16:48:42,741 INFO  [org.apa.cam.mai.BaseMainSupport] (main)     [MicroProfilePropertiesSource] camel.main.sourceLocationEnabled=true
2023-06-27 16:48:42,741 INFO  [org.apa.cam.mai.BaseMainSupport] (main)     [MicroProfilePropertiesSource] camel.component.log.exchangeFormatter.showBodyType=false
2023-06-27 16:48:42,741 INFO  [org.apa.cam.mai.BaseMainSupport] (main)     [MicroProfilePropertiesSource] camel.component.log.exchangeFormatter.showExchangePattern=false
2023-06-27 16:48:42,741 INFO  [org.apa.cam.mai.BaseMainSupport] (main)     [MicroProfilePropertiesSource] camel.component.log.exchangeFormatter=#class:org.apache.camel.support.processor.DefaultExchangeFormatter
2023-06-27 16:48:42,741 INFO  [org.apa.cam.mai.BaseMainSupport] (main)     [MicroProfilePropertiesSource] camel.component.http.socketTimeout=30000
2023-06-27 16:48:42,741 INFO  [org.apa.cam.mai.BaseMainSupport] (main)     [MicroProfilePropertiesSource] camel.component.http.connectionTimeToLive=0
2023-06-27 16:48:42,741 INFO  [org.apa.cam.mai.BaseMainSupport] (main)     [MicroProfilePropertiesSource] camel.component.http.connectionRequestTimeout=10000
2023-06-27 16:48:42,741 INFO  [org.apa.cam.mai.BaseMainSupport] (main)     [MicroProfilePropertiesSource] camel.component.http.connectTimeout=10000
2023-06-27 16:48:42,742 INFO  [org.apa.cam.mai.BaseMainSupport] (main)     [MicroProfilePropertiesSource] camel.component.kafka.brokers=localhost:9092 
2023-06-27 16:48:43,853 INFO  [org.apa.cam.imp.eng.AbstractCamelContext] (main) Apache Camel 3.20.1 (camel-1) is starting
2023-06-27 16:48:43,904 WARN  [org.apa.kaf.cli.pro.KafkaProducer] (main) [Producer clientId=producer-1] DefaultPartitioner is deprecated.  Please clear partitioner.class configuration setting to get the default partitioning behavior
2023-06-27 16:48:43,938 WARN  [org.apa.kaf.cli.pro.KafkaProducer] (main) [Producer clientId=producer-2] DefaultPartitioner is deprecated.  Please clear partitioner.class configuration setting to get the default partitioning behavior
2023-06-27 16:48:43,945 WARN  [org.apa.kaf.cli.pro.KafkaProducer] (main) [Producer clientId=producer-3] DefaultPartitioner is deprecated.  Please clear partitioner.class configuration setting to get the default partitioning behavior
2023-06-27 16:48:43,951 WARN  [org.apa.kaf.cli.pro.KafkaProducer] (main) [Producer clientId=producer-4] DefaultPartitioner is deprecated.  Please clear partitioner.class configuration setting to get the default partitioning behavior
2023-06-27 16:48:43,957 WARN  [org.apa.kaf.cli.pro.KafkaProducer] (main) [Producer clientId=producer-5] DefaultPartitioner is deprecated.  Please clear partitioner.class configuration setting to get the default partitioning behavior
2023-06-27 16:48:43,962 WARN  [org.apa.kaf.cli.pro.KafkaProducer] (main) [Producer clientId=producer-6] DefaultPartitioner is deprecated.  Please clear partitioner.class configuration setting to get the default partitioning behavior
2023-06-27 16:48:43,967 WARN  [org.apa.kaf.cli.pro.KafkaProducer] (main) [Producer clientId=producer-7] DefaultPartitioner is deprecated.  Please clear partitioner.class configuration setting to get the default partitioning behavior
2023-06-27 16:48:43,970 WARN  [org.apa.kaf.cli.pro.KafkaProducer] (main) [Producer clientId=producer-8] DefaultPartitioner is deprecated.  Please clear partitioner.class configuration setting to get the default partitioning behavior
2023-06-27 16:48:43,974 WARN  [org.apa.kaf.cli.pro.KafkaProducer] (main) [Producer clientId=producer-9] DefaultPartitioner is deprecated.  Please clear partitioner.class configuration setting to get the default partitioning behavior
2023-06-27 16:48:43,978 WARN  [org.apa.kaf.cli.pro.KafkaProducer] (main) [Producer clientId=producer-10] DefaultPartitioner is deprecated.  Please clear partitioner.class configuration setting to get the default partitioning behavior
2023-06-27 16:48:43,983 WARN  [org.apa.kaf.cli.pro.KafkaProducer] (main) [Producer clientId=producer-11] DefaultPartitioner is deprecated.  Please clear partitioner.class configuration setting to get the default partitioning behavior
2023-06-27 16:48:43,986 WARN  [org.apa.kaf.cli.pro.KafkaProducer] (main) [Producer clientId=producer-12] DefaultPartitioner is deprecated.  Please clear partitioner.class configuration setting to get the default partitioning behavior
2023-06-27 16:48:43,991 WARN  [org.apa.kaf.cli.pro.KafkaProducer] (main) [Producer clientId=producer-13] DefaultPartitioner is deprecated.  Please clear partitioner.class configuration setting to get the default partitioning behavior
2023-06-27 16:48:43,995 WARN  [org.apa.kaf.cli.pro.KafkaProducer] (main) [Producer clientId=producer-14] DefaultPartitioner is deprecated.  Please clear partitioner.class configuration setting to get the default partitioning behavior
2023-06-27 16:48:43,998 WARN  [org.apa.kaf.cli.pro.KafkaProducer] (main) [Producer clientId=producer-15] DefaultPartitioner is deprecated.  Please clear partitioner.class configuration setting to get the default partitioning behavior
2023-06-27 16:48:44,004 WARN  [org.apa.kaf.cli.pro.KafkaProducer] (main) [Producer clientId=producer-16] DefaultPartitioner is deprecated.  Please clear partitioner.class configuration setting to get the default partitioning behavior
2023-06-27 16:48:44,008 WARN  [org.apa.kaf.cli.pro.KafkaProducer] (main) [Producer clientId=producer-17] DefaultPartitioner is deprecated.  Please clear partitioner.class configuration setting to get the default partitioning behavior
2023-06-27 16:48:44,011 WARN  [org.apa.kaf.cli.pro.KafkaProducer] (main) [Producer clientId=producer-18] DefaultPartitioner is deprecated.  Please clear partitioner.class configuration setting to get the default partitioning behavior
2023-06-27 16:48:44,039 WARN  [org.apa.kaf.cli.pro.KafkaProducer] (main) [Producer clientId=producer-19] DefaultPartitioner is deprecated.  Please clear partitioner.class configuration setting to get the default partitioning behavior
2023-06-27 16:48:44,042 WARN  [org.apa.kaf.cli.pro.KafkaProducer] (main) [Producer clientId=producer-20] DefaultPartitioner is deprecated.  Please clear partitioner.class configuration setting to get the default partitioning behavior
2023-06-27 16:48:44,047 WARN  [org.apa.kaf.cli.pro.KafkaProducer] (main) [Producer clientId=producer-21] DefaultPartitioner is deprecated.  Please clear partitioner.class configuration setting to get the default partitioning behavior
2023-06-27 16:48:44,052 WARN  [org.apa.kaf.cli.pro.KafkaProducer] (main) [Producer clientId=producer-22] DefaultPartitioner is deprecated.  Please clear partitioner.class configuration setting to get the default partitioning behavior
2023-06-27 16:48:44,055 WARN  [org.apa.kaf.cli.pro.KafkaProducer] (main) [Producer clientId=producer-23] DefaultPartitioner is deprecated.  Please clear partitioner.class configuration setting to get the default partitioning behavior
2023-06-27 16:48:44,059 WARN  [org.apa.kaf.cli.pro.KafkaProducer] (main) [Producer clientId=producer-24] DefaultPartitioner is deprecated.  Please clear partitioner.class configuration setting to get the default partitioning behavior
2023-06-27 16:48:44,062 WARN  [org.apa.kaf.cli.pro.KafkaProducer] (main) [Producer clientId=producer-25] DefaultPartitioner is deprecated.  Please clear partitioner.class configuration setting to get the default partitioning behavior
2023-06-27 16:48:44,066 WARN  [org.apa.kaf.cli.pro.KafkaProducer] (main) [Producer clientId=producer-26] DefaultPartitioner is deprecated.  Please clear partitioner.class configuration setting to get the default partitioning behavior
2023-06-27 16:48:44,069 WARN  [org.apa.kaf.cli.pro.KafkaProducer] (main) [Producer clientId=producer-27] DefaultPartitioner is deprecated.  Please clear partitioner.class configuration setting to get the default partitioning behavior
2023-06-27 16:48:44,072 WARN  [org.apa.kaf.cli.pro.KafkaProducer] (main) [Producer clientId=producer-28] DefaultPartitioner is deprecated.  Please clear partitioner.class configuration setting to get the default partitioning behavior
2023-06-27 16:48:44,075 WARN  [org.apa.kaf.cli.pro.KafkaProducer] (main) [Producer clientId=producer-29] DefaultPartitioner is deprecated.  Please clear partitioner.class configuration setting to get the default partitioning behavior
2023-06-27 16:48:44,078 WARN  [org.apa.kaf.cli.pro.KafkaProducer] (main) [Producer clientId=producer-30] DefaultPartitioner is deprecated.  Please clear partitioner.class configuration setting to get the default partitioning behavior
2023-06-27 16:48:44,081 WARN  [org.apa.kaf.cli.pro.KafkaProducer] (main) [Producer clientId=producer-31] DefaultPartitioner is deprecated.  Please clear partitioner.class configuration setting to get the default partitioning behavior
2023-06-27 16:48:44,084 WARN  [org.apa.kaf.cli.pro.KafkaProducer] (main) [Producer clientId=producer-32] DefaultPartitioner is deprecated.  Please clear partitioner.class configuration setting to get the default partitioning behavior
2023-06-27 16:48:44,087 WARN  [org.apa.kaf.cli.pro.KafkaProducer] (main) [Producer clientId=producer-33] DefaultPartitioner is deprecated.  Please clear partitioner.class configuration setting to get the default partitioning behavior
2023-06-27 16:48:44,091 WARN  [org.apa.kaf.cli.pro.KafkaProducer] (main) [Producer clientId=producer-34] DefaultPartitioner is deprecated.  Please clear partitioner.class configuration setting to get the default partitioning behavior
2023-06-27 16:48:44,094 WARN  [org.apa.kaf.cli.pro.KafkaProducer] (main) [Producer clientId=producer-35] DefaultPartitioner is deprecated.  Please clear partitioner.class configuration setting to get the default partitioning behavior
2023-06-27 16:48:44,098 WARN  [org.apa.kaf.cli.pro.KafkaProducer] (main) [Producer clientId=producer-36] DefaultPartitioner is deprecated.  Please clear partitioner.class configuration setting to get the default partitioning behavior
2023-06-27 16:48:44,102 WARN  [org.apa.kaf.cli.pro.KafkaProducer] (main) [Producer clientId=producer-37] DefaultPartitioner is deprecated.  Please clear partitioner.class configuration setting to get the default partitioning behavior
2023-06-27 16:48:44,105 WARN  [org.apa.kaf.cli.pro.KafkaProducer] (main) [Producer clientId=producer-38] DefaultPartitioner is deprecated.  Please clear partitioner.class configuration setting to get the default partitioning behavior
2023-06-27 16:48:44,108 WARN  [org.apa.kaf.cli.pro.KafkaProducer] (main) [Producer clientId=producer-39] DefaultPartitioner is deprecated.  Please clear partitioner.class configuration setting to get the default partitioning behavior
2023-06-27 16:48:44,111 WARN  [org.apa.kaf.cli.pro.KafkaProducer] (main) [Producer clientId=producer-40] DefaultPartitioner is deprecated.  Please clear partitioner.class configuration setting to get the default partitioning behavior
2023-06-27 16:48:44,116 WARN  [org.apa.kaf.cli.pro.KafkaProducer] (main) [Producer clientId=producer-41] DefaultPartitioner is deprecated.  Please clear partitioner.class configuration setting to get the default partitioning behavior
2023-06-27 16:48:44,118 WARN  [org.apa.kaf.cli.pro.KafkaProducer] (main) [Producer clientId=producer-42] DefaultPartitioner is deprecated.  Please clear partitioner.class configuration setting to get the default partitioning behavior
2023-06-27 16:48:44,121 WARN  [org.apa.kaf.cli.pro.KafkaProducer] (main) [Producer clientId=producer-43] DefaultPartitioner is deprecated.  Please clear partitioner.class configuration setting to get the default partitioning behavior
2023-06-27 16:48:44,124 WARN  [org.apa.kaf.cli.pro.KafkaProducer] (main) [Producer clientId=producer-44] DefaultPartitioner is deprecated.  Please clear partitioner.class configuration setting to get the default partitioning behavior
2023-06-27 16:48:44,127 WARN  [org.apa.kaf.cli.pro.KafkaProducer] (main) [Producer clientId=producer-45] DefaultPartitioner is deprecated.  Please clear partitioner.class configuration setting to get the default partitioning behavior
2023-06-27 16:48:44,130 WARN  [org.apa.kaf.cli.pro.KafkaProducer] (main) [Producer clientId=producer-46] DefaultPartitioner is deprecated.  Please clear partitioner.class configuration setting to get the default partitioning behavior
2023-06-27 16:48:44,133 WARN  [org.apa.kaf.cli.pro.KafkaProducer] (main) [Producer clientId=producer-47] DefaultPartitioner is deprecated.  Please clear partitioner.class configuration setting to get the default partitioning behavior
2023-06-27 16:48:44,136 WARN  [org.apa.kaf.cli.pro.KafkaProducer] (main) [Producer clientId=producer-48] DefaultPartitioner is deprecated.  Please clear partitioner.class configuration setting to get the default partitioning behavior
2023-06-27 16:48:44,140 WARN  [org.apa.kaf.cli.pro.KafkaProducer] (main) [Producer clientId=producer-49] DefaultPartitioner is deprecated.  Please clear partitioner.class configuration setting to get the default partitioning behavior
2023-06-27 16:48:44,143 WARN  [org.apa.kaf.cli.pro.KafkaProducer] (main) [Producer clientId=producer-50] DefaultPartitioner is deprecated.  Please clear partitioner.class configuration setting to get the default partitioning behavior
2023-06-27 16:48:44,146 WARN  [org.apa.kaf.cli.pro.KafkaProducer] (main) [Producer clientId=producer-51] DefaultPartitioner is deprecated.  Please clear partitioner.class configuration setting to get the default partitioning behavior
2023-06-27 16:48:44,149 WARN  [org.apa.kaf.cli.pro.KafkaProducer] (main) [Producer clientId=producer-52] DefaultPartitioner is deprecated.  Please clear partitioner.class configuration setting to get the default partitioning behavior
2023-06-27 16:48:44,152 WARN  [org.apa.kaf.cli.pro.KafkaProducer] (main) [Producer clientId=producer-53] DefaultPartitioner is deprecated.  Please clear partitioner.class configuration setting to get the default partitioning behavior
2023-06-27 16:48:44,154 WARN  [org.apa.kaf.cli.pro.KafkaProducer] (main) [Producer clientId=producer-54] DefaultPartitioner is deprecated.  Please clear partitioner.class configuration setting to get the default partitioning behavior
2023-06-27 16:48:44,158 WARN  [org.apa.kaf.cli.pro.KafkaProducer] (main) [Producer clientId=producer-55] DefaultPartitioner is deprecated.  Please clear partitioner.class configuration setting to get the default partitioning behavior
2023-06-27 16:48:44,161 WARN  [org.apa.kaf.cli.pro.KafkaProducer] (main) [Producer clientId=producer-56] DefaultPartitioner is deprecated.  Please clear partitioner.class configuration setting to get the default partitioning behavior
2023-06-27 16:48:44,164 WARN  [org.apa.kaf.cli.pro.KafkaProducer] (main) [Producer clientId=producer-57] DefaultPartitioner is deprecated.  Please clear partitioner.class configuration setting to get the default partitioning behavior
2023-06-27 16:48:44,168 WARN  [org.apa.kaf.cli.pro.KafkaProducer] (main) [Producer clientId=producer-58] DefaultPartitioner is deprecated.  Please clear partitioner.class configuration setting to get the default partitioning behavior
2023-06-27 16:48:44,170 WARN  [org.apa.kaf.cli.pro.KafkaProducer] (main) [Producer clientId=producer-59] DefaultPartitioner is deprecated.  Please clear partitioner.class configuration setting to get the default partitioning behavior
2023-06-27 16:48:44,174 WARN  [org.apa.kaf.cli.pro.KafkaProducer] (main) [Producer clientId=producer-60] DefaultPartitioner is deprecated.  Please clear partitioner.class configuration setting to get the default partitioning behavior
2023-06-27 16:48:44,177 WARN  [org.apa.kaf.cli.pro.KafkaProducer] (main) [Producer clientId=producer-61] DefaultPartitioner is deprecated.  Please clear partitioner.class configuration setting to get the default partitioning behavior
2023-06-27 16:48:44,180 WARN  [org.apa.kaf.cli.pro.KafkaProducer] (main) [Producer clientId=producer-62] DefaultPartitioner is deprecated.  Please clear partitioner.class configuration setting to get the default partitioning behavior
2023-06-27 16:48:44,183 WARN  [org.apa.kaf.cli.pro.KafkaProducer] (main) [Producer clientId=producer-63] DefaultPartitioner is deprecated.  Please clear partitioner.class configuration setting to get the default partitioning behavior
2023-06-27 16:48:44,187 WARN  [org.apa.kaf.cli.pro.KafkaProducer] (main) [Producer clientId=producer-64] DefaultPartitioner is deprecated.  Please clear partitioner.class configuration setting to get the default partitioning behavior
2023-06-27 16:48:44,191 WARN  [org.apa.kaf.cli.pro.KafkaProducer] (main) [Producer clientId=producer-65] DefaultPartitioner is deprecated.  Please clear partitioner.class configuration setting to get the default partitioning behavior
2023-06-27 16:48:44,194 WARN  [org.apa.kaf.cli.pro.KafkaProducer] (main) [Producer clientId=producer-66] DefaultPartitioner is deprecated.  Please clear partitioner.class configuration setting to get the default partitioning behavior
2023-06-27 16:48:44,197 WARN  [org.apa.kaf.cli.pro.KafkaProducer] (main) [Producer clientId=producer-67] DefaultPartitioner is deprecated.  Please clear partitioner.class configuration setting to get the default partitioning behavior
2023-06-27 16:48:44,199 WARN  [org.apa.kaf.cli.pro.KafkaProducer] (main) [Producer clientId=producer-68] DefaultPartitioner is deprecated.  Please clear partitioner.class configuration setting to get the default partitioning behavior
2023-06-27 16:48:44,201 WARN  [org.apa.kaf.cli.pro.KafkaProducer] (main) [Producer clientId=producer-69] DefaultPartitioner is deprecated.  Please clear partitioner.class configuration setting to get the default partitioning behavior
2023-06-27 16:48:44,206 WARN  [org.apa.kaf.cli.pro.KafkaProducer] (main) [Producer clientId=producer-70] DefaultPartitioner is deprecated.  Please clear partitioner.class configuration setting to get the default partitioning behavior
2023-06-27 16:48:44,209 WARN  [org.apa.kaf.cli.pro.KafkaProducer] (main) [Producer clientId=producer-71] DefaultPartitioner is deprecated.  Please clear partitioner.class configuration setting to get the default partitioning behavior
2023-06-27 16:48:44,211 WARN  [org.apa.kaf.cli.pro.KafkaProducer] (main) [Producer clientId=producer-72] DefaultPartitioner is deprecated.  Please clear partitioner.class configuration setting to get the default partitioning behavior
2023-06-27 16:48:44,216 WARN  [org.apa.kaf.cli.pro.KafkaProducer] (main) [Producer clientId=producer-73] DefaultPartitioner is deprecated.  Please clear partitioner.class configuration setting to get the default partitioning behavior
2023-06-27 16:48:44,219 WARN  [org.apa.kaf.cli.pro.KafkaProducer] (main) [Producer clientId=producer-74] DefaultPartitioner is deprecated.  Please clear partitioner.class configuration setting to get the default partitioning behavior
2023-06-27 16:48:44,221 WARN  [org.apa.kaf.cli.pro.KafkaProducer] (main) [Producer clientId=producer-75] DefaultPartitioner is deprecated.  Please clear partitioner.class configuration setting to get the default partitioning behavior
2023-06-27 16:48:44,225 WARN  [org.apa.kaf.cli.pro.KafkaProducer] (main) [Producer clientId=producer-76] DefaultPartitioner is deprecated.  Please clear partitioner.class configuration setting to get the default partitioning behavior
2023-06-27 16:48:44,229 WARN  [org.apa.kaf.cli.pro.KafkaProducer] (main) [Producer clientId=producer-77] DefaultPartitioner is deprecated.  Please clear partitioner.class configuration setting to get the default partitioning behavior
2023-06-27 16:48:44,231 WARN  [org.apa.kaf.cli.pro.KafkaProducer] (main) [Producer clientId=producer-78] DefaultPartitioner is deprecated.  Please clear partitioner.class configuration setting to get the default partitioning behavior
2023-06-27 16:48:44,234 WARN  [org.apa.kaf.cli.pro.KafkaProducer] (main) [Producer clientId=producer-79] DefaultPartitioner is deprecated.  Please clear partitioner.class configuration setting to get the default partitioning behavior
2023-06-27 16:48:44,237 WARN  [org.apa.kaf.cli.pro.KafkaProducer] (main) [Producer clientId=producer-80] DefaultPartitioner is deprecated.  Please clear partitioner.class configuration setting to get the default partitioning behavior
2023-06-27 16:48:44,240 WARN  [org.apa.kaf.cli.pro.KafkaProducer] (main) [Producer clientId=producer-81] DefaultPartitioner is deprecated.  Please clear partitioner.class configuration setting to get the default partitioning behavior
2023-06-27 16:48:44,243 WARN  [org.apa.kaf.cli.pro.KafkaProducer] (main) [Producer clientId=producer-82] DefaultPartitioner is deprecated.  Please clear partitioner.class configuration setting to get the default partitioning behavior
2023-06-27 16:48:44,245 WARN  [org.apa.kaf.cli.pro.KafkaProducer] (main) [Producer clientId=producer-83] DefaultPartitioner is deprecated.  Please clear partitioner.class configuration setting to get the default partitioning behavior
2023-06-27 16:48:44,247 WARN  [org.apa.kaf.cli.pro.KafkaProducer] (main) [Producer clientId=producer-84] DefaultPartitioner is deprecated.  Please clear partitioner.class configuration setting to get the default partitioning behavior
2023-06-27 16:48:44,250 WARN  [org.apa.kaf.cli.pro.KafkaProducer] (main) [Producer clientId=producer-85] DefaultPartitioner is deprecated.  Please clear partitioner.class configuration setting to get the default partitioning behavior
2023-06-27 16:48:44,252 WARN  [org.apa.kaf.cli.pro.KafkaProducer] (main) [Producer clientId=producer-86] DefaultPartitioner is deprecated.  Please clear partitioner.class configuration setting to get the default partitioning behavior
2023-06-27 16:48:44,255 WARN  [org.apa.kaf.cli.pro.KafkaProducer] (main) [Producer clientId=producer-87] DefaultPartitioner is deprecated.  Please clear partitioner.class configuration setting to get the default partitioning behavior
2023-06-27 16:48:44,258 WARN  [org.apa.kaf.cli.pro.KafkaProducer] (main) [Producer clientId=producer-88] DefaultPartitioner is deprecated.  Please clear partitioner.class configuration setting to get the default partitioning behavior
2023-06-27 16:48:44,260 WARN  [org.apa.kaf.cli.pro.KafkaProducer] (main) [Producer clientId=producer-89] DefaultPartitioner is deprecated.  Please clear partitioner.class configuration setting to get the default partitioning behavior
2023-06-27 16:48:44,263 WARN  [org.apa.kaf.cli.pro.KafkaProducer] (main) [Producer clientId=producer-90] DefaultPartitioner is deprecated.  Please clear partitioner.class configuration setting to get the default partitioning behavior
2023-06-27 16:48:44,266 WARN  [org.apa.kaf.cli.pro.KafkaProducer] (main) [Producer clientId=producer-91] DefaultPartitioner is deprecated.  Please clear partitioner.class configuration setting to get the default partitioning behavior
2023-06-27 16:48:44,269 WARN  [org.apa.kaf.cli.pro.KafkaProducer] (main) [Producer clientId=producer-92] DefaultPartitioner is deprecated.  Please clear partitioner.class configuration setting to get the default partitioning behavior
2023-06-27 16:48:44,271 WARN  [org.apa.kaf.cli.pro.KafkaProducer] (main) [Producer clientId=producer-93] DefaultPartitioner is deprecated.  Please clear partitioner.class configuration setting to get the default partitioning behavior
2023-06-27 16:48:44,275 WARN  [org.apa.kaf.cli.pro.KafkaProducer] (main) [Producer clientId=producer-94] DefaultPartitioner is deprecated.  Please clear partitioner.class configuration setting to get the default partitioning behavior
2023-06-27 16:48:44,278 WARN  [org.apa.kaf.cli.pro.KafkaProducer] (main) [Producer clientId=producer-95] DefaultPartitioner is deprecated.  Please clear partitioner.class configuration setting to get the default partitioning behavior
2023-06-27 16:48:44,280 WARN  [org.apa.kaf.cli.pro.KafkaProducer] (main) [Producer clientId=producer-96] DefaultPartitioner is deprecated.  Please clear partitioner.class configuration setting to get the default partitioning behavior
2023-06-27 16:48:44,283 WARN  [org.apa.kaf.cli.pro.KafkaProducer] (main) [Producer clientId=producer-97] DefaultPartitioner is deprecated.  Please clear partitioner.class configuration setting to get the default partitioning behavior
2023-06-27 16:48:44,286 WARN  [org.apa.kaf.cli.pro.KafkaProducer] (main) [Producer clientId=producer-98] DefaultPartitioner is deprecated.  Please clear partitioner.class configuration setting to get the default partitioning behavior
2023-06-27 16:48:44,289 WARN  [org.apa.kaf.cli.pro.KafkaProducer] (main) [Producer clientId=producer-99] DefaultPartitioner is deprecated.  Please clear partitioner.class configuration setting to get the default partitioning behavior
2023-06-27 16:48:44,291 WARN  [org.apa.kaf.cli.pro.KafkaProducer] (main) [Producer clientId=producer-100] DefaultPartitioner is deprecated.  Please clear partitioner.class configuration setting to get the default partitioning behavior
2023-06-27 16:48:44,294 WARN  [org.apa.kaf.cli.pro.KafkaProducer] (main) [Producer clientId=producer-101] DefaultPartitioner is deprecated.  Please clear partitioner.class configuration setting to get the default partitioning behavior
2023-06-27 16:48:44,298 WARN  [org.apa.kaf.cli.pro.KafkaProducer] (main) [Producer clientId=producer-102] DefaultPartitioner is deprecated.  Please clear partitioner.class configuration setting to get the default partitioning behavior
2023-06-27 16:48:44,301 WARN  [org.apa.kaf.cli.pro.KafkaProducer] (main) [Producer clientId=producer-103] DefaultPartitioner is deprecated.  Please clear partitioner.class configuration setting to get the default partitioning behavior
2023-06-27 16:48:44,305 WARN  [org.apa.kaf.cli.pro.KafkaProducer] (main) [Producer clientId=producer-104] DefaultPartitioner is deprecated.  Please clear partitioner.class configuration setting to get the default partitioning behavior
2023-06-27 16:48:44,308 WARN  [org.apa.kaf.cli.pro.KafkaProducer] (main) [Producer clientId=producer-105] DefaultPartitioner is deprecated.  Please clear partitioner.class configuration setting to get the default partitioning behavior
2023-06-27 16:48:44,311 WARN  [org.apa.kaf.cli.pro.KafkaProducer] (main) [Producer clientId=producer-106] DefaultPartitioner is deprecated.  Please clear partitioner.class configuration setting to get the default partitioning behavior
2023-06-27 16:48:44,316 WARN  [org.apa.kaf.cli.pro.KafkaProducer] (main) [Producer clientId=producer-107] DefaultPartitioner is deprecated.  Please clear partitioner.class configuration setting to get the default partitioning behavior
2023-06-27 16:48:44,319 WARN  [org.apa.kaf.cli.pro.KafkaProducer] (main) [Producer clientId=producer-108] DefaultPartitioner is deprecated.  Please clear partitioner.class configuration setting to get the default partitioning behavior
2023-06-27 16:48:44,322 WARN  [org.apa.kaf.cli.pro.KafkaProducer] (main) [Producer clientId=producer-109] DefaultPartitioner is deprecated.  Please clear partitioner.class configuration setting to get the default partitioning behavior
2023-06-27 16:48:44,325 WARN  [org.apa.kaf.cli.pro.KafkaProducer] (main) [Producer clientId=producer-110] DefaultPartitioner is deprecated.  Please clear partitioner.class configuration setting to get the default partitioning behavior
2023-06-27 16:48:44,328 WARN  [org.apa.kaf.cli.pro.KafkaProducer] (main) [Producer clientId=producer-111] DefaultPartitioner is deprecated.  Please clear partitioner.class configuration setting to get the default partitioning behavior
2023-06-27 16:48:44,333 WARN  [org.apa.kaf.cli.pro.KafkaProducer] (main) [Producer clientId=producer-112] DefaultPartitioner is deprecated.  Please clear partitioner.class configuration setting to get the default partitioning behavior
2023-06-27 16:48:44,336 WARN  [org.apa.kaf.cli.pro.KafkaProducer] (main) [Producer clientId=producer-113] DefaultPartitioner is deprecated.  Please clear partitioner.class configuration setting to get the default partitioning behavior
2023-06-27 16:48:44,339 WARN  [org.apa.kaf.cli.pro.KafkaProducer] (main) [Producer clientId=producer-114] DefaultPartitioner is deprecated.  Please clear partitioner.class configuration setting to get the default partitioning behavior
2023-06-27 16:48:44,343 WARN  [org.apa.kaf.cli.pro.KafkaProducer] (main) [Producer clientId=producer-115] DefaultPartitioner is deprecated.  Please clear partitioner.class configuration setting to get the default partitioning behavior
2023-06-27 16:48:44,348 WARN  [org.apa.kaf.cli.pro.KafkaProducer] (main) [Producer clientId=producer-116] DefaultPartitioner is deprecated.  Please clear partitioner.class configuration setting to get the default partitioning behavior
2023-06-27 16:48:44,351 WARN  [org.apa.kaf.cli.pro.KafkaProducer] (main) [Producer clientId=producer-117] DefaultPartitioner is deprecated.  Please clear partitioner.class configuration setting to get the default partitioning behavior
2023-06-27 16:48:44,354 WARN  [org.apa.kaf.cli.pro.KafkaProducer] (main) [Producer clientId=producer-118] DefaultPartitioner is deprecated.  Please clear partitioner.class configuration setting to get the default partitioning behavior
2023-06-27 16:48:44,358 WARN  [org.apa.kaf.cli.pro.KafkaProducer] (main) [Producer clientId=producer-119] DefaultPartitioner is deprecated.  Please clear partitioner.class configuration setting to get the default partitioning behavior
2023-06-27 16:48:44,362 WARN  [org.apa.kaf.cli.pro.KafkaProducer] (main) [Producer clientId=producer-120] DefaultPartitioner is deprecated.  Please clear partitioner.class configuration setting to get the default partitioning behavior
2023-06-27 16:48:44,367 WARN  [org.apa.kaf.cli.pro.KafkaProducer] (main) [Producer clientId=producer-121] DefaultPartitioner is deprecated.  Please clear partitioner.class configuration setting to get the default partitioning behavior
2023-06-27 16:48:44,371 WARN  [org.apa.kaf.cli.pro.KafkaProducer] (main) [Producer clientId=producer-122] DefaultPartitioner is deprecated.  Please clear partitioner.class configuration setting to get the default partitioning behavior
2023-06-27 16:48:44,375 WARN  [org.apa.kaf.cli.pro.KafkaProducer] (main) [Producer clientId=producer-123] DefaultPartitioner is deprecated.  Please clear partitioner.class configuration setting to get the default partitioning behavior
2023-06-27 16:48:44,380 WARN  [org.apa.kaf.cli.pro.KafkaProducer] (main) [Producer clientId=producer-124] DefaultPartitioner is deprecated.  Please clear partitioner.class configuration setting to get the default partitioning behavior
2023-06-27 16:48:44,383 WARN  [org.apa.kaf.cli.pro.KafkaProducer] (main) [Producer clientId=producer-125] DefaultPartitioner is deprecated.  Please clear partitioner.class configuration setting to get the default partitioning behavior
2023-06-27 16:48:44,386 WARN  [org.apa.kaf.cli.pro.KafkaProducer] (main) [Producer clientId=producer-126] DefaultPartitioner is deprecated.  Please clear partitioner.class configuration setting to get the default partitioning behavior
2023-06-27 16:48:44,389 WARN  [org.apa.kaf.cli.pro.KafkaProducer] (main) [Producer clientId=producer-127] DefaultPartitioner is deprecated.  Please clear partitioner.class configuration setting to get the default partitioning behavior
2023-06-27 16:48:44,393 WARN  [org.apa.kaf.cli.pro.KafkaProducer] (main) [Producer clientId=producer-128] DefaultPartitioner is deprecated.  Please clear partitioner.class configuration setting to get the default partitioning behavior
2023-06-27 16:48:44,398 WARN  [org.apa.kaf.cli.pro.KafkaProducer] (main) [Producer clientId=producer-129] DefaultPartitioner is deprecated.  Please clear partitioner.class configuration setting to get the default partitioning behavior
2023-06-27 16:48:44,401 WARN  [org.apa.kaf.cli.pro.KafkaProducer] (main) [Producer clientId=producer-130] DefaultPartitioner is deprecated.  Please clear partitioner.class configuration setting to get the default partitioning behavior
2023-06-27 16:48:44,405 WARN  [org.apa.kaf.cli.pro.KafkaProducer] (main) [Producer clientId=producer-131] DefaultPartitioner is deprecated.  Please clear partitioner.class configuration setting to get the default partitioning behavior
2023-06-27 16:48:44,407 WARN  [org.apa.kaf.cli.pro.KafkaProducer] (main) [Producer clientId=producer-132] DefaultPartitioner is deprecated.  Please clear partitioner.class configuration setting to get the default partitioning behavior
2023-06-27 16:48:44,410 WARN  [org.apa.kaf.cli.pro.KafkaProducer] (main) [Producer clientId=producer-133] DefaultPartitioner is deprecated.  Please clear partitioner.class configuration setting to get the default partitioning behavior
2023-06-27 16:48:44,424 INFO  [org.apa.cam.com.kaf.KafkaConsumer] (main) Starting Kafka consumer on topic: test with breakOnFirstError: false
2023-06-27 16:48:44,431 INFO  [org.apa.cam.mai.BaseMainSupport] (main) Property-placeholders summary
2023-06-27 16:48:44,431 INFO  [org.apa.cam.mai.BaseMainSupport] (main)     [MicroProfilePropertiesSource] kafka.topic.kpis.name=ccm-kpis
2023-06-27 16:48:44,431 INFO  [org.apa.cam.mai.BaseMainSupport] (main)     [MicroProfilePropertiesSource] adapter.token=xxxxxx
2023-06-27 16:48:44,431 INFO  [org.apa.cam.mai.BaseMainSupport] (main)     [MicroProfilePropertiesSource] dems.token=xxxxxx
2023-06-27 16:48:44,431 INFO  [org.apa.cam.mai.BaseMainSupport] (main)     [MicroProfilePropertiesSource] dems.host=localhost
2023-06-27 16:48:44,431 INFO  [org.apa.cam.mai.BaseMainSupport] (main)     [MicroProfilePropertiesSource] dems.org-unit.id=1212
2023-06-27 16:48:44,432 INFO  [org.apa.cam.mai.BaseMainSupport] (main)     [MicroProfilePropertiesSource] dems.case.hyperlink.prefix=localhost
2023-06-27 16:48:44,432 INFO  [org.apa.cam.mai.BaseMainSupport] (main)     [MicroProfilePropertiesSource] dems.case.hyperlink.suffix=1212
2023-06-27 16:48:44,432 INFO  [org.apa.cam.mai.BaseMainSupport] (main)     [MicroProfilePropertiesSource] kafka.topic.reports.name=test
2023-06-27 16:48:44,432 INFO  [org.apa.cam.com.kaf.KafkaFetchRecords] (Camel (camel-1) thread #1 - KafkaConsumer[test]) Connecting Kafka consumer thread ID test-Thread 0 with poll timeout of 5000 ms
2023-06-27 16:48:44,433 INFO  [org.apa.cam.imp.eng.AbstractCamelContext] (main) Using 2 instances of same component class: org.apache.camel.component.http.HttpComponent with names: http, https
2023-06-27 16:48:44,435 INFO  [org.apa.cam.imp.eng.AbstractCamelContext] (main) Routes startup (started:44)
2023-06-27 16:48:44,436 INFO  [org.apa.cam.imp.eng.AbstractCamelContext] (main)     Started version (platform-http:///v1/version)
2023-06-27 16:48:44,436 INFO  [org.apa.cam.imp.eng.AbstractCamelContext] (main)     Started dems_version (platform-http:///dems/v1/version)
2023-06-27 16:48:44,436 INFO  [org.apa.cam.imp.eng.AbstractCamelContext] (main)     Started getDemsFieldMappings (direct://getDemsFieldMappings)
2023-06-27 16:48:44,436 INFO  [org.apa.cam.imp.eng.AbstractCamelContext] (main)     Started getDemsCaseFlagId (direct://getDemsCaseFlagId)
2023-06-27 16:48:44,436 INFO  [org.apa.cam.imp.eng.AbstractCamelContext] (main)     Started getCourtCaseExists (platform-http:///getCourtCaseExists)
2023-06-27 16:48:44,436 INFO  [org.apa.cam.imp.eng.AbstractCamelContext] (main)     Started getCourtCaseIdByKey (direct://getCourtCaseIdByKey)
2023-06-27 16:48:44,436 INFO  [org.apa.cam.imp.eng.AbstractCamelContext] (main)     Started getCourtCaseDataById (direct://getCourtCaseDataById)
2023-06-27 16:48:44,436 INFO  [org.apa.cam.imp.eng.AbstractCamelContext] (main)     Started getCourtCaseDataByKey (direct://getCourtCaseDataByKey)
2023-06-27 16:48:44,436 INFO  [org.apa.cam.imp.eng.AbstractCamelContext] (main)     Started getCourtCaseNameByKey (direct://getCourtCaseNameByKey)
2023-06-27 16:48:44,436 INFO  [org.apa.cam.imp.eng.AbstractCamelContext] (main)     Started getCourtCaseCourtFileUniqueIdByKey (direct://getCourtCaseCourtFileUniqueIdByKey)
2023-06-27 16:48:44,436 INFO  [org.apa.cam.imp.eng.AbstractCamelContext] (main)     Started getCaseHyperlink (platform-http:///getCaseHyperlink)
2023-06-27 16:48:44,436 INFO  [org.apa.cam.imp.eng.AbstractCamelContext] (main)     Started createCourtCase (platform-http:///createCourtCase)
2023-06-27 16:48:44,436 INFO  [org.apa.cam.imp.eng.AbstractCamelContext] (main)     Started updateCourtCase (platform-http:///updateCourtCase)
2023-06-27 16:48:44,436 INFO  [org.apa.cam.imp.eng.AbstractCamelContext] (main)     Started updateCourtCaseWithMetadata (platform-http:///updateCourtCaseWithMetadata)
2023-06-27 16:48:44,436 INFO  [org.apa.cam.imp.eng.AbstractCamelContext] (main)     Started updateCourtCaseWithAppearanceSummary (platform-http:///updateCourtCaseWithAppearanceSummary)
2023-06-27 16:48:44,436 INFO  [org.apa.cam.imp.eng.AbstractCamelContext] (main)     Started updateCourtCaseWithCrownAssignmentData (platform-http:///updateCourtCaseWithCrownAssignmentData)
2023-06-27 16:48:44,436 INFO  [org.apa.cam.imp.eng.AbstractCamelContext] (main)     Started http_syncCaseUserList (platform-http:///syncCaseUserList)
2023-06-27 16:48:44,436 INFO  [org.apa.cam.imp.eng.AbstractCamelContext] (main)     Started syncCaseUserList (direct://syncCaseUserList)
2023-06-27 16:48:44,437 INFO  [org.apa.cam.imp.eng.AbstractCamelContext] (main)     Started processAccusedPerson (direct://processAccusedPerson)
2023-06-27 16:48:44,437 INFO  [org.apa.cam.imp.eng.AbstractCamelContext] (main)     Started getPersonExists (direct://getPersonExists)
2023-06-27 16:48:44,437 INFO  [org.apa.cam.imp.eng.AbstractCamelContext] (main)     Started getPersonByKey (direct://getPersonByKey)
2023-06-27 16:48:44,437 INFO  [org.apa.cam.imp.eng.AbstractCamelContext] (main)     Started createPerson (direct://createPerson)
2023-06-27 16:48:44,437 INFO  [org.apa.cam.imp.eng.AbstractCamelContext] (main)     Started updatePerson (direct://updatePerson)
2023-06-27 16:48:44,437 INFO  [org.apa.cam.imp.eng.AbstractCamelContext] (main)     Started addParticipantToCase (direct://addParticipantToCase)
2023-06-27 16:48:44,437 INFO  [org.apa.cam.imp.eng.AbstractCamelContext] (main)     Started getGroupMapByCaseId (direct://getGroupMapByCaseId)
2023-06-27 16:48:44,438 INFO  [org.apa.cam.imp.eng.AbstractCamelContext] (main)     Started prepareDemsCaseGroupMembersSyncHelperList (direct://prepareDemsCaseGroupMembersSyncHelperList)
2023-06-27 16:48:44,438 INFO  [org.apa.cam.imp.eng.AbstractCamelContext] (main)     Started syncCaseGroupMembers (direct://syncCaseGroupMembers)
2023-06-27 16:48:44,438 INFO  [org.apa.cam.imp.eng.AbstractCamelContext] (main)     Started getCaseListByUserKey (platform-http:///getCaseListByUserKey)
2023-06-27 16:48:44,438 INFO  [org.apa.cam.imp.eng.AbstractCamelContext] (main)     Started processReportEvents (kafka://test)
2023-06-27 16:48:44,438 INFO  [org.apa.cam.imp.eng.AbstractCamelContext] (main)     Started processDocumentRecord (direct://processDocumentRecord)
2023-06-27 16:48:44,438 INFO  [org.apa.cam.imp.eng.AbstractCamelContext] (main)     Started processNonStaticDocuments (direct://processNonStaticDocuments)
2023-06-27 16:48:44,438 INFO  [org.apa.cam.imp.eng.AbstractCamelContext] (main)     Started checkIncrementRecordDocId (direct://checkIncrementRecordDocId)
2023-06-27 16:48:44,438 INFO  [org.apa.cam.imp.eng.AbstractCamelContext] (main)     Started changeDocumentRecord (direct://changeDocumentRecord)
2023-06-27 16:48:44,439 INFO  [org.apa.cam.imp.eng.AbstractCamelContext] (main)     Started updateDocumentRecord (direct://updateDocumentRecord)
2023-06-27 16:48:44,439 INFO  [org.apa.cam.imp.eng.AbstractCamelContext] (main)     Started createDocumentRecord (direct://createDocumentRecord)
2023-06-27 16:48:44,439 INFO  [org.apa.cam.imp.eng.AbstractCamelContext] (main)     Started createCaseRecord (direct://createCaseRecord)
2023-06-27 16:48:44,439 INFO  [org.apa.cam.imp.eng.AbstractCamelContext] (main)     Started updateCaseRecord (direct://updateCaseRecord)
2023-06-27 16:48:44,439 INFO  [org.apa.cam.imp.eng.AbstractCamelContext] (main)     Started streamCaseRecord (direct://streamCaseRecord)
2023-06-27 16:48:44,439 INFO  [org.apa.cam.imp.eng.AbstractCamelContext] (main)     Started getCaseRecordExistsByKey (direct://getCaseRecordExistsByKey)
2023-06-27 16:48:44,440 INFO  [org.apa.cam.imp.eng.AbstractCamelContext] (main)     Started getCaseRecordIdByDescription (direct://getCaseRecordIdByDescription)
2023-06-27 16:48:44,440 INFO  [org.apa.cam.imp.eng.AbstractCamelContext] (main)     Started getCaseDocIdExistsByKey (direct://getCaseDocIdExistsByKey)
2023-06-27 16:48:44,440 INFO  [org.apa.cam.imp.eng.AbstractCamelContext] (main)     Started getCaseRecordIdByDocId (direct://getCaseRecordIdByDocId)
2023-06-27 16:48:44,440 INFO  [org.apa.cam.imp.eng.AbstractCamelContext] (main)     Started processUnknownStatus (direct://processUnknownStatus)
2023-06-27 16:48:44,440 INFO  [org.apa.cam.imp.eng.AbstractCamelContext] (main)     Started publishEventKPI (direct://publishEventKPI)
2023-06-27 16:48:44,440 INFO  [org.apa.cam.imp.eng.AbstractCamelContext] (main) Apache Camel 3.20.1 (camel-1) started in 1s556ms (build:0ms init:969ms start:587ms)
2023-06-27 16:48:44,478 INFO  [org.apa.cam.com.kaf.con.sup.cla.AssignmentAdapterHelper] (Camel (camel-1) thread #1 - KafkaConsumer[test]) Using NO-OP resume strategy
2023-06-27 16:48:44,479 INFO  [org.apa.cam.com.kaf.KafkaFetchRecords] (Camel (camel-1) thread #1 - KafkaConsumer[test]) Subscribing test-Thread 0 to topic test
2023-06-27 16:48:44,666 INFO  [io.quarkus] (main) quarkus-dems-adapter 1.0-SNAPSHOT on JVM (powered by Quarkus 2.16.0.Final) started in 12.655s. Listening on: http://localhost:63232
2023-06-27 16:48:44,666 INFO  [io.quarkus] (main) Profile test activated. 
2023-06-27 16:48:44,666 INFO  [io.quarkus] (main) Installed features: [camel-attachments, camel-bean, camel-core, camel-direct, camel-dsl-modeline, camel-http, camel-jackson, camel-jsonpath, camel-kafka, camel-log, camel-mock, camel-platform-http, camel-rest, cdi, kafka-client, kubernetes, resteasy-jackson, smallrye-context-propagation, vertx]
2023-06-27 16:48:44,700 INFO  [org.apa.cam.tes.jun.CamelTestSupport] (main) ********************************************************************************
2023-06-27 16:48:44,700 INFO  [org.apa.cam.tes.jun.CamelTestSupport] (main) Testing: testPublishEventKPI() (ccm.CcmDemsAdapterTest)
2023-06-27 16:48:44,700 INFO  [org.apa.cam.tes.jun.CamelTestSupport] (main) ********************************************************************************
2023-06-27 16:48:44,751 INFO  [org.apa.cam.imp.eng.AbstractCamelContext] (main) Stopped version (platform-http:///v1/version)
2023-06-27 16:48:44,768 INFO  [org.apa.cam.imp.eng.AbstractCamelContext] (main) Shutdown version (platform-http:///v1/version)
2023-06-27 16:48:44,783 INFO  [org.apa.cam.imp.eng.AbstractCamelContext] (main) Stopped dems_version (platform-http:///dems/v1/version)
2023-06-27 16:48:44,792 INFO  [org.apa.cam.imp.eng.AbstractCamelContext] (main) Shutdown dems_version (platform-http:///dems/v1/version)
2023-06-27 16:48:44,805 INFO  [org.apa.cam.imp.eng.AbstractCamelContext] (main) Stopped getDemsFieldMappings (direct://getDemsFieldMappings)
2023-06-27 16:48:44,812 INFO  [org.apa.cam.imp.eng.AbstractCamelContext] (main) Shutdown getDemsFieldMappings (direct://getDemsFieldMappings)
2023-06-27 16:48:44,823 INFO  [org.apa.cam.imp.eng.AbstractCamelContext] (main) Stopped getDemsCaseFlagId (direct://getDemsCaseFlagId)
2023-06-27 16:48:44,831 INFO  [org.apa.cam.imp.eng.AbstractCamelContext] (main) Shutdown getDemsCaseFlagId (direct://getDemsCaseFlagId)
2023-06-27 16:48:44,842 INFO  [org.apa.cam.imp.eng.AbstractCamelContext] (main) Stopped getCourtCaseExists (platform-http:///getCourtCaseExists)
2023-06-27 16:48:44,848 INFO  [org.apa.cam.imp.eng.AbstractCamelContext] (main) Shutdown getCourtCaseExists (platform-http:///getCourtCaseExists)
2023-06-27 16:48:44,859 INFO  [org.apa.cam.imp.eng.AbstractCamelContext] (main) Stopped getCourtCaseIdByKey (direct://getCourtCaseIdByKey)
2023-06-27 16:48:44,875 INFO  [org.apa.cam.imp.eng.AbstractCamelContext] (main) Shutdown getCourtCaseIdByKey (direct://getCourtCaseIdByKey)
2023-06-27 16:48:44,888 INFO  [org.apa.cam.imp.eng.AbstractCamelContext] (main) Stopped getCourtCaseDataById (direct://getCourtCaseDataById)
2023-06-27 16:48:44,896 INFO  [org.apa.cam.imp.eng.AbstractCamelContext] (main) Shutdown getCourtCaseDataById (direct://getCourtCaseDataById)
2023-06-27 16:48:44,905 INFO  [org.apa.cam.imp.eng.AbstractCamelContext] (main) Stopped getCourtCaseDataByKey (direct://getCourtCaseDataByKey)
2023-06-27 16:48:44,912 INFO  [org.apa.cam.imp.eng.AbstractCamelContext] (main) Shutdown getCourtCaseDataByKey (direct://getCourtCaseDataByKey)
2023-06-27 16:48:44,921 INFO  [org.apa.cam.imp.eng.AbstractCamelContext] (main) Stopped getCourtCaseNameByKey (direct://getCourtCaseNameByKey)
2023-06-27 16:48:44,927 INFO  [org.apa.cam.imp.eng.AbstractCamelContext] (main) Shutdown getCourtCaseNameByKey (direct://getCourtCaseNameByKey)
2023-06-27 16:48:44,936 INFO  [org.apa.cam.imp.eng.AbstractCamelContext] (main) Stopped getCourtCaseCourtFileUniqueIdByKey (direct://getCourtCaseCourtFileUniqueIdByKey)
2023-06-27 16:48:44,943 INFO  [org.apa.cam.imp.eng.AbstractCamelContext] (main) Shutdown getCourtCaseCourtFileUniqueIdByKey (direct://getCourtCaseCourtFileUniqueIdByKey)
2023-06-27 16:48:44,951 INFO  [org.apa.cam.imp.eng.AbstractCamelContext] (main) Stopped getCaseHyperlink (platform-http:///getCaseHyperlink)
2023-06-27 16:48:44,957 INFO  [org.apa.cam.imp.eng.AbstractCamelContext] (main) Shutdown getCaseHyperlink (platform-http:///getCaseHyperlink)
2023-06-27 16:48:44,968 INFO  [org.apa.cam.imp.eng.AbstractCamelContext] (main) Stopped createCourtCase (platform-http:///createCourtCase)
2023-06-27 16:48:44,974 INFO  [org.apa.cam.imp.eng.AbstractCamelContext] (main) Shutdown createCourtCase (platform-http:///createCourtCase)
2023-06-27 16:48:44,985 INFO  [org.apa.cam.imp.eng.AbstractCamelContext] (main) Stopped updateCourtCase (platform-http:///updateCourtCase)
2023-06-27 16:48:44,990 INFO  [org.apa.cam.imp.eng.AbstractCamelContext] (main) Shutdown updateCourtCase (platform-http:///updateCourtCase)
2023-06-27 16:48:44,998 INFO  [org.apa.cam.imp.eng.AbstractCamelContext] (main) Stopped updateCourtCaseWithMetadata (platform-http:///updateCourtCaseWithMetadata)
2023-06-27 16:48:45,004 INFO  [org.apa.cam.imp.eng.AbstractCamelContext] (main) Shutdown updateCourtCaseWithMetadata (platform-http:///updateCourtCaseWithMetadata)
2023-06-27 16:48:45,011 INFO  [org.apa.cam.imp.eng.AbstractCamelContext] (main) Stopped updateCourtCaseWithAppearanceSummary (platform-http:///updateCourtCaseWithAppearanceSummary)
2023-06-27 16:48:45,016 INFO  [org.apa.cam.imp.eng.AbstractCamelContext] (main) Shutdown updateCourtCaseWithAppearanceSummary (platform-http:///updateCourtCaseWithAppearanceSummary)
2023-06-27 16:48:45,024 INFO  [org.apa.cam.imp.eng.AbstractCamelContext] (main) Stopped updateCourtCaseWithCrownAssignmentData (platform-http:///updateCourtCaseWithCrownAssignmentData)
2023-06-27 16:48:45,028 INFO  [org.apa.cam.imp.eng.AbstractCamelContext] (main) Shutdown updateCourtCaseWithCrownAssignmentData (platform-http:///updateCourtCaseWithCrownAssignmentData)
2023-06-27 16:48:45,035 INFO  [org.apa.cam.imp.eng.AbstractCamelContext] (main) Stopped http_syncCaseUserList (platform-http:///syncCaseUserList)
2023-06-27 16:48:45,039 INFO  [org.apa.cam.imp.eng.AbstractCamelContext] (main) Shutdown http_syncCaseUserList (platform-http:///syncCaseUserList)
2023-06-27 16:48:45,046 INFO  [org.apa.cam.imp.eng.AbstractCamelContext] (main) Stopped syncCaseUserList (direct://syncCaseUserList)
2023-06-27 16:48:45,050 INFO  [org.apa.cam.imp.eng.AbstractCamelContext] (main) Shutdown syncCaseUserList (direct://syncCaseUserList)
2023-06-27 16:48:45,057 INFO  [org.apa.cam.imp.eng.AbstractCamelContext] (main) Stopped processAccusedPerson (direct://processAccusedPerson)
2023-06-27 16:48:45,061 INFO  [org.apa.cam.imp.eng.AbstractCamelContext] (main) Shutdown processAccusedPerson (direct://processAccusedPerson)
2023-06-27 16:48:45,068 INFO  [org.apa.cam.imp.eng.AbstractCamelContext] (main) Stopped getPersonExists (direct://getPersonExists)
2023-06-27 16:48:45,071 INFO  [org.apa.cam.imp.eng.AbstractCamelContext] (main) Shutdown getPersonExists (direct://getPersonExists)
2023-06-27 16:48:45,078 INFO  [org.apa.cam.imp.eng.AbstractCamelContext] (main) Stopped getPersonByKey (direct://getPersonByKey)
2023-06-27 16:48:45,082 INFO  [org.apa.cam.imp.eng.AbstractCamelContext] (main) Shutdown getPersonByKey (direct://getPersonByKey)
2023-06-27 16:48:45,088 INFO  [org.apa.cam.imp.eng.AbstractCamelContext] (main) Stopped createPerson (direct://createPerson)
2023-06-27 16:48:45,092 INFO  [org.apa.cam.imp.eng.AbstractCamelContext] (main) Shutdown createPerson (direct://createPerson)
2023-06-27 16:48:45,098 INFO  [org.apa.cam.imp.eng.AbstractCamelContext] (main) Stopped updatePerson (direct://updatePerson)
2023-06-27 16:48:45,101 INFO  [org.apa.cam.imp.eng.AbstractCamelContext] (main) Shutdown updatePerson (direct://updatePerson)
2023-06-27 16:48:45,106 INFO  [org.apa.cam.imp.eng.AbstractCamelContext] (main) Stopped addParticipantToCase (direct://addParticipantToCase)
2023-06-27 16:48:45,110 INFO  [org.apa.cam.imp.eng.AbstractCamelContext] (main) Shutdown addParticipantToCase (direct://addParticipantToCase)
2023-06-27 16:48:45,115 INFO  [org.apa.cam.imp.eng.AbstractCamelContext] (main) Stopped getGroupMapByCaseId (direct://getGroupMapByCaseId)
2023-06-27 16:48:45,118 INFO  [org.apa.cam.imp.eng.AbstractCamelContext] (main) Shutdown getGroupMapByCaseId (direct://getGroupMapByCaseId)
2023-06-27 16:48:45,123 INFO  [org.apa.cam.imp.eng.AbstractCamelContext] (main) Stopped prepareDemsCaseGroupMembersSyncHelperList (direct://prepareDemsCaseGroupMembersSyncHelperList)
2023-06-27 16:48:45,126 INFO  [org.apa.cam.imp.eng.AbstractCamelContext] (main) Shutdown prepareDemsCaseGroupMembersSyncHelperList (direct://prepareDemsCaseGroupMembersSyncHelperList)
2023-06-27 16:48:45,130 INFO  [org.apa.cam.imp.eng.AbstractCamelContext] (main) Stopped syncCaseGroupMembers (direct://syncCaseGroupMembers)
2023-06-27 16:48:45,133 INFO  [org.apa.cam.imp.eng.AbstractCamelContext] (main) Shutdown syncCaseGroupMembers (direct://syncCaseGroupMembers)
2023-06-27 16:48:45,138 INFO  [org.apa.cam.imp.eng.AbstractCamelContext] (main) Stopped getCaseListByUserKey (platform-http:///getCaseListByUserKey)
2023-06-27 16:48:45,141 INFO  [org.apa.cam.imp.eng.AbstractCamelContext] (main) Shutdown getCaseListByUserKey (platform-http:///getCaseListByUserKey)
2023-06-27 16:48:45,171 INFO  [org.apa.cam.com.kaf.KafkaConsumer] (Camel (camel-1) thread #2 - ShutdownTask) Pausing Kafka record fetcher task running client ID consumer-ccm-dems-adapter-1
2023-06-27 16:48:45,171 INFO  [org.apa.cam.com.kaf.KafkaFetchRecords] (Camel (camel-1) thread #2 - ShutdownTask) A pause request was issued and the consumer thread will pause after current processing has finished
2023-06-27 16:48:45,172 INFO  [org.apa.cam.com.kaf.KafkaConsumer] (Camel (camel-1) thread #2 - ShutdownTask) Stopping Kafka consumer on topic: test
2023-06-27 16:48:45,172 INFO  [org.apa.cam.com.kaf.KafkaFetchRecords] (Camel (camel-1) thread #2 - ShutdownTask) Waiting up to 30000 milliseconds for the processing to finish
2023-06-27 16:48:46,029 WARN  [org.apa.kaf.cli.NetworkClient] (kafka-producer-network-thread | producer-10) [Producer clientId=producer-10] Connection to node -1 (localhost/127.0.0.1:9092) could not be established. Broker may not be available.
2023-06-27 16:48:46,029 WARN  [org.apa.kaf.cli.NetworkClient] (kafka-producer-network-thread | producer-10) [Producer clientId=producer-10] Bootstrap broker localhost:9092 (id: -1 rack: null) disconnected
2023-06-27 16:48:46,043 WARN  [org.apa.kaf.cli.NetworkClient] (kafka-producer-network-thread | producer-11) [Producer clientId=producer-11] Connection to node -1 (localhost/127.0.0.1:9092) could not be established. Broker may not be available.
2023-06-27 16:48:46,044 WARN  [org.apa.kaf.cli.NetworkClient] (kafka-producer-network-thread | producer-13) [Producer clientId=producer-13] Connection to node -1 (localhost/127.0.0.1:9092) could not be established. Broker may not be available.
2023-06-27 16:48:46,044 WARN  [org.apa.kaf.cli.NetworkClient] (kafka-producer-network-thread | producer-14) [Producer clientId=producer-14] Connection to node -1 (localhost/127.0.0.1:9092) could not be established. Broker may not be available.
2023-06-27 16:48:46,044 WARN  [org.apa.kaf.cli.NetworkClient] (kafka-producer-network-thread | producer-15) [Producer clientId=producer-15] Connection to node -1 (localhost/127.0.0.1:9092) could not be established. Broker may not be available.
2023-06-27 16:48:46,044 WARN  [org.apa.kaf.cli.NetworkClient] (kafka-producer-network-thread | producer-13) [Producer clientId=producer-13] Bootstrap broker localhost:9092 (id: -1 rack: null) disconnected
2023-06-27 16:48:46,044 WARN  [org.apa.kaf.cli.NetworkClient] (kafka-producer-network-thread | producer-14) [Producer clientId=producer-14] Bootstrap broker localhost:9092 (id: -1 rack: null) disconnected
2023-06-27 16:48:46,044 WARN  [org.apa.kaf.cli.NetworkClient] (kafka-producer-network-thread | producer-11) [Producer clientId=producer-11] Bootstrap broker localhost:9092 (id: -1 rack: null) disconnected
2023-06-27 16:48:46,044 WARN  [org.apa.kaf.cli.NetworkClient] (kafka-producer-network-thread | producer-15) [Producer clientId=producer-15] Bootstrap broker localhost:9092 (id: -1 rack: null) disconnected
2023-06-27 16:48:46,043 WARN  [org.apa.kaf.cli.NetworkClient] (kafka-producer-network-thread | producer-12) [Producer clientId=producer-12] Connection to node -1 (localhost/127.0.0.1:9092) could not be established. Broker may not be available.
2023-06-27 16:48:46,044 WARN  [org.apa.kaf.cli.NetworkClient] (kafka-producer-network-thread | producer-12) [Producer clientId=producer-12] Bootstrap broker localhost:9092 (id: -1 rack: null) disconnected
2023-06-27 16:48:46,295 WARN  [org.apa.kaf.cli.NetworkClient] (kafka-producer-network-thread | producer-94) [Producer clientId=producer-94] Connection to node -1 (localhost/127.0.0.1:9092) could not be established. Broker may not be available.
2023-06-27 16:48:46,296 WARN  [org.apa.kaf.cli.NetworkClient] (kafka-producer-network-thread | producer-92) [Producer clientId=producer-92] Connection to node -1 (localhost/127.0.0.1:9092) could not be established. Broker may not be available.
2023-06-27 16:48:46,296 WARN  [org.apa.kaf.cli.NetworkClient] (kafka-producer-network-thread | producer-94) [Producer clientId=producer-94] Bootstrap broker localhost:9092 (id: -1 rack: null) disconnected
2023-06-27 16:48:46,296 WARN  [org.apa.kaf.cli.NetworkClient] (kafka-producer-network-thread | producer-91) [Producer clientId=producer-91] Connection to node -1 (localhost/127.0.0.1:9092) could not be established. Broker may not be available.
2023-06-27 16:48:46,296 WARN  [org.apa.kaf.cli.NetworkClient] (kafka-producer-network-thread | producer-92) [Producer clientId=producer-92] Bootstrap broker localhost:9092 (id: -1 rack: null) disconnected
2023-06-27 16:48:46,295 WARN  [org.apa.kaf.cli.NetworkClient] (kafka-producer-network-thread | producer-93) [Producer clientId=producer-93] Connection to node -1 (localhost/127.0.0.1:9092) could not be established. Broker may not be available.
2023-06-27 16:48:46,296 WARN  [org.apa.kaf.cli.NetworkClient] (kafka-producer-network-thread | producer-91) [Producer clientId=producer-91] Bootstrap broker localhost:9092 (id: -1 rack: null) disconnected
2023-06-27 16:48:46,296 WARN  [org.apa.kaf.cli.NetworkClient] (kafka-producer-network-thread | producer-93) [Producer clientId=producer-93] Bootstrap broker localhost:9092 (id: -1 rack: null) disconnected
2023-06-27 16:48:46,310 WARN  [org.apa.kaf.cli.NetworkClient] (kafka-producer-network-thread | producer-97) [Producer clientId=producer-97] Connection to node -1 (localhost/127.0.0.1:9092) could not be established. Broker may not be available.
2023-06-27 16:48:46,310 WARN  [org.apa.kaf.cli.NetworkClient] (kafka-producer-network-thread | producer-99) [Producer clientId=producer-99] Connection to node -1 (localhost/127.0.0.1:9092) could not be established. Broker may not be available.
2023-06-27 16:48:46,310 WARN  [org.apa.kaf.cli.NetworkClient] (kafka-producer-network-thread | producer-96) [Producer clientId=producer-96] Connection to node -1 (localhost/127.0.0.1:9092) could not be established. Broker may not be available.
2023-06-27 16:48:46,310 WARN  [org.apa.kaf.cli.NetworkClient] (kafka-producer-network-thread | producer-97) [Producer clientId=producer-97] Bootstrap broker localhost:9092 (id: -1 rack: null) disconnected
2023-06-27 16:48:46,310 WARN  [org.apa.kaf.cli.NetworkClient] (kafka-producer-network-thread | producer-99) [Producer clientId=producer-99] Bootstrap broker localhost:9092 (id: -1 rack: null) disconnected
2023-06-27 16:48:46,310 WARN  [org.apa.kaf.cli.NetworkClient] (kafka-producer-network-thread | producer-96) [Producer clientId=producer-96] Bootstrap broker localhost:9092 (id: -1 rack: null) disconnected
2023-06-27 16:48:46,326 WARN  [org.apa.kaf.cli.NetworkClient] (kafka-producer-network-thread | producer-98) [Producer clientId=producer-98] Connection to node -1 (localhost/127.0.0.1:9092) could not be established. Broker may not be available.
2023-06-27 16:48:46,326 WARN  [org.apa.kaf.cli.NetworkClient] (kafka-producer-network-thread | producer-100) [Producer clientId=producer-100] Connection to node -1 (localhost/127.0.0.1:9092) could not be established. Broker may not be available.
2023-06-27 16:48:46,326 WARN  [org.apa.kaf.cli.NetworkClient] (kafka-producer-network-thread | producer-95) [Producer clientId=producer-95] Connection to node -1 (localhost/127.0.0.1:9092) could not be established. Broker may not be available.
2023-06-27 16:48:46,326 WARN  [org.apa.kaf.cli.NetworkClient] (kafka-producer-network-thread | producer-100) [Producer clientId=producer-100] Bootstrap broker localhost:9092 (id: -1 rack: null) disconnected
2023-06-27 16:48:46,326 WARN  [org.apa.kaf.cli.NetworkClient] (kafka-producer-network-thread | producer-98) [Producer clientId=producer-98] Bootstrap broker localhost:9092 (id: -1 rack: null) disconnected
2023-06-27 16:48:46,326 WARN  [org.apa.kaf.cli.NetworkClient] (kafka-producer-network-thread | producer-95) [Producer clientId=producer-95] Bootstrap broker localhost:9092 (id: -1 rack: null) disconnected
2023-06-27 16:48:46,342 WARN  [org.apa.kaf.cli.NetworkClient] (kafka-producer-network-thread | producer-104) [Producer clientId=producer-104] Connection to node -1 (localhost/127.0.0.1:9092) could not be established. Broker may not be available.
2023-06-27 16:48:46,342 WARN  [org.apa.kaf.cli.NetworkClient] (kafka-producer-network-thread | producer-104) [Producer clientId=producer-104] Bootstrap broker localhost:9092 (id: -1 rack: null) disconnected
2023-06-27 16:48:46,342 WARN  [org.apa.kaf.cli.NetworkClient] (kafka-producer-network-thread | producer-102) [Producer clientId=producer-102] Connection to node -1 (localhost/127.0.0.1:9092) could not be established. Broker may not be available.
2023-06-27 16:48:46,342 WARN  [org.apa.kaf.cli.NetworkClient] (kafka-producer-network-thread | producer-102) [Producer clientId=producer-102] Bootstrap broker localhost:9092 (id: -1 rack: null) disconnected
2023-06-27 16:48:46,342 WARN  [org.apa.kaf.cli.NetworkClient] (kafka-producer-network-thread | producer-103) [Producer clientId=producer-103] Connection to node -1 (localhost/127.0.0.1:9092) could not be established. Broker may not be available.
2023-06-27 16:48:46,342 WARN  [org.apa.kaf.cli.NetworkClient] (kafka-producer-network-thread | producer-103) [Producer clientId=producer-103] Bootstrap broker localhost:9092 (id: -1 rack: null) disconnected
2023-06-27 16:48:46,342 WARN  [org.apa.kaf.cli.NetworkClient] (kafka-producer-network-thread | producer-101) [Producer clientId=producer-101] Connection to node -1 (localhost/127.0.0.1:9092) could not be established. Broker may not be available.
2023-06-27 16:48:46,343 WARN  [org.apa.kaf.cli.NetworkClient] (kafka-producer-network-thread | producer-101) [Producer clientId=producer-101] Bootstrap broker localhost:9092 (id: -1 rack: null) disconnected
2023-06-27 16:48:46,357 WARN  [org.apa.kaf.cli.NetworkClient] (kafka-producer-network-thread | producer-112) [Producer clientId=producer-112] Connection to node -1 (localhost/127.0.0.1:9092) could not be established. Broker may not be available.
2023-06-27 16:48:46,357 WARN  [org.apa.kaf.cli.NetworkClient] (kafka-producer-network-thread | producer-106) [Producer clientId=producer-106] Connection to node -1 (localhost/127.0.0.1:9092) could not be established. Broker may not be available.
2023-06-27 16:48:46,357 WARN  [org.apa.kaf.cli.NetworkClient] (kafka-producer-network-thread | producer-112) [Producer clientId=producer-112] Bootstrap broker localhost:9092 (id: -1 rack: null) disconnected
2023-06-27 16:48:46,357 WARN  [org.apa.kaf.cli.NetworkClient] (kafka-producer-network-thread | producer-106) [Producer clientId=producer-106] Bootstrap broker localhost:9092 (id: -1 rack: null) disconnected
2023-06-27 16:48:46,357 WARN  [org.apa.kaf.cli.NetworkClient] (kafka-producer-network-thread | producer-109) [Producer clientId=producer-109] Connection to node -1 (localhost/127.0.0.1:9092) could not be established. Broker may not be available.
2023-06-27 16:48:46,357 WARN  [org.apa.kaf.cli.NetworkClient] (kafka-producer-network-thread | producer-113) [Producer clientId=producer-113] Connection to node -1 (localhost/127.0.0.1:9092) could not be established. Broker may not be available.
2023-06-27 16:48:46,357 WARN  [org.apa.kaf.cli.NetworkClient] (kafka-producer-network-thread | producer-109) [Producer clientId=producer-109] Bootstrap broker localhost:9092 (id: -1 rack: null) disconnected
2023-06-27 16:48:46,357 WARN  [org.apa.kaf.cli.NetworkClient] (kafka-producer-network-thread | producer-107) [Producer clientId=producer-107] Connection to node -1 (localhost/127.0.0.1:9092) could not be established. Broker may not be available.
2023-06-27 16:48:46,357 WARN  [org.apa.kaf.cli.NetworkClient] (kafka-producer-network-thread | producer-113) [Producer clientId=producer-113] Bootstrap broker localhost:9092 (id: -1 rack: null) disconnected
2023-06-27 16:48:46,357 WARN  [org.apa.kaf.cli.NetworkClient] (kafka-producer-network-thread | producer-107) [Producer clientId=producer-107] Bootstrap broker localhost:9092 (id: -1 rack: null) disconnected
2023-06-27 16:48:46,358 WARN  [org.apa.kaf.cli.NetworkClient] (kafka-producer-network-thread | producer-105) [Producer clientId=producer-105] Connection to node -1 (localhost/127.0.0.1:9092) could not be established. Broker may not be available.
2023-06-27 16:48:46,358 WARN  [org.apa.kaf.cli.NetworkClient] (kafka-producer-network-thread | producer-108) [Producer clientId=producer-108] Connection to node -1 (localhost/127.0.0.1:9092) could not be established. Broker may not be available.
2023-06-27 16:48:46,358 WARN  [org.apa.kaf.cli.NetworkClient] (kafka-producer-network-thread | producer-105) [Producer clientId=producer-105] Bootstrap broker localhost:9092 (id: -1 rack: null) disconnected
2023-06-27 16:48:46,358 WARN  [org.apa.kaf.cli.NetworkClient] (kafka-producer-network-thread | producer-114) [Producer clientId=producer-114] Connection to node -1 (localhost/127.0.0.1:9092) could not be established. Broker may not be available.
2023-06-27 16:48:46,358 WARN  [org.apa.kaf.cli.NetworkClient] (kafka-producer-network-thread | producer-108) [Producer clientId=producer-108] Bootstrap broker localhost:9092 (id: -1 rack: null) disconnected
2023-06-27 16:48:46,358 WARN  [org.apa.kaf.cli.NetworkClient] (kafka-producer-network-thread | producer-114) [Producer clientId=producer-114] Bootstrap broker localhost:9092 (id: -1 rack: null) disconnected
2023-06-27 16:48:46,373 WARN  [org.apa.kaf.cli.NetworkClient] (kafka-producer-network-thread | producer-110) [Producer clientId=producer-110] Connection to node -1 (localhost/127.0.0.1:9092) could not be established. Broker may not be available.
2023-06-27 16:48:46,373 WARN  [org.apa.kaf.cli.NetworkClient] (kafka-producer-network-thread | producer-110) [Producer clientId=producer-110] Bootstrap broker localhost:9092 (id: -1 rack: null) disconnected
2023-06-27 16:48:46,373 WARN  [org.apa.kaf.cli.NetworkClient] (kafka-producer-network-thread | producer-111) [Producer clientId=producer-111] Connection to node -1 (localhost/127.0.0.1:9092) could not be established. Broker may not be available.
2023-06-27 16:48:46,373 WARN  [org.apa.kaf.cli.NetworkClient] (kafka-producer-network-thread | producer-111) [Producer clientId=producer-111] Bootstrap broker localhost:9092 (id: -1 rack: null) disconnected
2023-06-27 16:48:46,389 WARN  [org.apa.kaf.cli.NetworkClient] (kafka-producer-network-thread | producer-116) [Producer clientId=producer-116] Connection to node -1 (localhost/127.0.0.1:9092) could not be established. Broker may not be available.
2023-06-27 16:48:46,389 WARN  [org.apa.kaf.cli.NetworkClient] (kafka-producer-network-thread | producer-116) [Producer clientId=producer-116] Bootstrap broker localhost:9092 (id: -1 rack: null) disconnected
2023-06-27 16:48:46,389 WARN  [org.apa.kaf.cli.NetworkClient] (kafka-producer-network-thread | producer-115) [Producer clientId=producer-115] Connection to node -1 (localhost/127.0.0.1:9092) could not be established. Broker may not be available.
2023-06-27 16:48:46,389 WARN  [org.apa.kaf.cli.NetworkClient] (kafka-producer-network-thread | producer-115) [Producer clientId=producer-115] Bootstrap broker localhost:9092 (id: -1 rack: null) disconnected
2023-06-27 16:48:46,389 WARN  [org.apa.kaf.cli.NetworkClient] (kafka-producer-network-thread | producer-117) [Producer clientId=producer-117] Connection to node -1 (localhost/127.0.0.1:9092) could not be established. Broker may not be available.
2023-06-27 16:48:46,389 WARN  [org.apa.kaf.cli.NetworkClient] (kafka-producer-network-thread | producer-117) [Producer clientId=producer-117] Bootstrap broker localhost:9092 (id: -1 rack: null) disconnected
2023-06-27 16:48:46,405 WARN  [org.apa.kaf.cli.NetworkClient] (kafka-producer-network-thread | producer-119) [Producer clientId=producer-119] Connection to node -1 (localhost/127.0.0.1:9092) could not be established. Broker may not be available.
2023-06-27 16:48:46,405 WARN  [org.apa.kaf.cli.NetworkClient] (kafka-producer-network-thread | producer-121) [Producer clientId=producer-121] Connection to node -1 (localhost/127.0.0.1:9092) could not be established. Broker may not be available.
2023-06-27 16:48:46,406 WARN  [org.apa.kaf.cli.NetworkClient] (kafka-producer-network-thread | producer-119) [Producer clientId=producer-119] Bootstrap broker localhost:9092 (id: -1 rack: null) disconnected
2023-06-27 16:48:46,405 WARN  [org.apa.kaf.cli.NetworkClient] (kafka-producer-network-thread | producer-120) [Producer clientId=producer-120] Connection to node -1 (localhost/127.0.0.1:9092) could not be established. Broker may not be available.
2023-06-27 16:48:46,406 WARN  [org.apa.kaf.cli.NetworkClient] (kafka-producer-network-thread | producer-121) [Producer clientId=producer-121] Bootstrap broker localhost:9092 (id: -1 rack: null) disconnected
2023-06-27 16:48:46,405 WARN  [org.apa.kaf.cli.NetworkClient] (kafka-producer-network-thread | producer-118) [Producer clientId=producer-118] Connection to node -1 (localhost/127.0.0.1:9092) could not be established. Broker may not be available.
2023-06-27 16:48:46,406 WARN  [org.apa.kaf.cli.NetworkClient] (kafka-producer-network-thread | producer-120) [Producer clientId=producer-120] Bootstrap broker localhost:9092 (id: -1 rack: null) disconnected
2023-06-27 16:48:46,406 WARN  [org.apa.kaf.cli.NetworkClient] (kafka-producer-network-thread | producer-118) [Producer clientId=producer-118] Bootstrap broker localhost:9092 (id: -1 rack: null) disconnected
2023-06-27 16:48:46,421 WARN  [org.apa.kaf.cli.NetworkClient] (kafka-producer-network-thread | producer-124) [Producer clientId=producer-124] Connection to node -1 (localhost/127.0.0.1:9092) could not be established. Broker may not be available.
2023-06-27 16:48:46,421 WARN  [org.apa.kaf.cli.NetworkClient] (kafka-producer-network-thread | producer-124) [Producer clientId=producer-124] Bootstrap broker localhost:9092 (id: -1 rack: null) disconnected
2023-06-27 16:48:46,421 WARN  [org.apa.kaf.cli.NetworkClient] (kafka-producer-network-thread | producer-126) [Producer clientId=producer-126] Connection to node -1 (localhost/127.0.0.1:9092) could not be established. Broker may not be available.
2023-06-27 16:48:46,421 WARN  [org.apa.kaf.cli.NetworkClient] (kafka-producer-network-thread | producer-126) [Producer clientId=producer-126] Bootstrap broker localhost:9092 (id: -1 rack: null) disconnected
2023-06-27 16:48:46,421 WARN  [org.apa.kaf.cli.NetworkClient] (kafka-producer-network-thread | producer-122) [Producer clientId=producer-122] Connection to node -1 (localhost/127.0.0.1:9092) could not be established. Broker may not be available.
2023-06-27 16:48:46,421 WARN  [org.apa.kaf.cli.NetworkClient] (kafka-producer-network-thread | producer-125) [Producer clientId=producer-125] Connection to node -1 (localhost/127.0.0.1:9092) could not be established. Broker may not be available.
2023-06-27 16:48:46,421 WARN  [org.apa.kaf.cli.NetworkClient] (kafka-producer-network-thread | producer-122) [Producer clientId=producer-122] Bootstrap broker localhost:9092 (id: -1 rack: null) disconnected
2023-06-27 16:48:46,421 WARN  [org.apa.kaf.cli.NetworkClient] (kafka-producer-network-thread | producer-125) [Producer clientId=producer-125] Bootstrap broker localhost:9092 (id: -1 rack: null) disconnected
2023-06-27 16:48:46,421 WARN  [org.apa.kaf.cli.NetworkClient] (kafka-producer-network-thread | producer-123) [Producer clientId=producer-123] Connection to node -1 (localhost/127.0.0.1:9092) could not be established. Broker may not be available.
2023-06-27 16:48:46,422 WARN  [org.apa.kaf.cli.NetworkClient] (kafka-producer-network-thread | producer-123) [Producer clientId=producer-123] Bootstrap broker localhost:9092 (id: -1 rack: null) disconnected
2023-06-27 16:48:46,436 WARN  [org.apa.kaf.cli.NetworkClient] (kafka-producer-network-thread | producer-128) [Producer clientId=producer-128] Connection to node -1 (localhost/127.0.0.1:9092) could not be established. Broker may not be available.
2023-06-27 16:48:46,436 WARN  [org.apa.kaf.cli.NetworkClient] (kafka-producer-network-thread | producer-129) [Producer clientId=producer-129] Connection to node -1 (localhost/127.0.0.1:9092) could not be established. Broker may not be available.
2023-06-27 16:48:46,436 WARN  [org.apa.kaf.cli.NetworkClient] (kafka-producer-network-thread | producer-128) [Producer clientId=producer-128] Bootstrap broker localhost:9092 (id: -1 rack: null) disconnected
2023-06-27 16:48:46,436 WARN  [org.apa.kaf.cli.NetworkClient] (kafka-producer-network-thread | producer-127) [Producer clientId=producer-127] Connection to node -1 (localhost/127.0.0.1:9092) could not be established. Broker may not be available.
2023-06-27 16:48:46,436 WARN  [org.apa.kaf.cli.NetworkClient] (kafka-producer-network-thread | producer-129) [Producer clientId=producer-129] Bootstrap broker localhost:9092 (id: -1 rack: null) disconnected
2023-06-27 16:48:46,436 WARN  [org.apa.kaf.cli.NetworkClient] (kafka-producer-network-thread | producer-130) [Producer clientId=producer-130] Connection to node -1 (localhost/127.0.0.1:9092) could not be established. Broker may not be available.
2023-06-27 16:48:46,437 WARN  [org.apa.kaf.cli.NetworkClient] (kafka-producer-network-thread | producer-127) [Producer clientId=producer-127] Bootstrap broker localhost:9092 (id: -1 rack: null) disconnected
[...]
2023-06-27 16:48:50,336 WARN  [org.apa.kaf.cli.pro.KafkaProducer] (main) [Producer clientId=producer-207] DefaultPartitioner is deprecated.  Please clear partitioner.class configuration setting to get the default partitioning behavior
2023-06-27 16:48:50,338 WARN  [org.apa.kaf.cli.pro.KafkaProducer] (main) [Producer clientId=producer-208] DefaultPartitioner is deprecated.  Please clear partitioner.class configuration setting to get the default partitioning behavior
2023-06-27 16:48:50,348 WARN  [org.apa.kaf.cli.pro.KafkaProducer] (main) [Producer clientId=producer-209] DefaultPartitioner is deprecated.  Please clear partitioner.class configuration setting to get the default partitioning behavior
2023-06-27 16:48:50,350 WARN  [org.apa.kaf.cli.pro.KafkaProducer] (main) [Producer clientId=producer-210] DefaultPartitioner is deprecated.  Please clear partitioner.class configuration setting to get the default partitioning behavior
2023-06-27 16:48:50,352 WARN  [org.apa.kaf.cli.pro.KafkaProducer] (main) [Producer clientId=producer-211] DefaultPartitioner is deprecated.  Please clear partitioner.class configuration setting to get the default partitioning behavior
2023-06-27 16:48:50,367 WARN  [org.apa.kaf.cli.pro.KafkaProducer] (main) [Producer clientId=producer-212] DefaultPartitioner is deprecated.  Please clear partitioner.class configuration setting to get the default partitioning behavior
2023-06-27 16:48:50,369 WARN  [org.apa.kaf.cli.pro.KafkaProducer] (main) [Producer clientId=producer-213] DefaultPartitioner is deprecated.  Please clear partitioner.class configuration setting to get the default partitioning behavior
2023-06-27 16:48:50,371 WARN  [org.apa.kaf.cli.pro.KafkaProducer] (main) [Producer clientId=producer-214] DefaultPartitioner is deprecated.  Please clear partitioner.class configuration setting to get the default partitioning behavior
2023-06-27 16:48:50,394 WARN  [org.apa.kaf.cli.pro.KafkaProducer] (main) [Producer clientId=producer-215] DefaultPartitioner is deprecated.  Please clear partitioner.class configuration setting to get the default partitioning behavior
2023-06-27 16:48:50,397 WARN  [org.apa.kaf.cli.pro.KafkaProducer] (main) [Producer clientId=producer-216] DefaultPartitioner is deprecated.  Please clear partitioner.class configuration setting to get the default partitioning behavior
2023-06-27 16:48:50,398 WARN  [org.apa.kaf.cli.pro.KafkaProducer] (main) [Producer clientId=producer-217] DefaultPartitioner is deprecated.  Please clear partitioner.class configuration setting to get the default partitioning behavior
2023-06-27 16:48:50,414 WARN  [org.apa.kaf.cli.pro.KafkaProducer] (main) [Producer clientId=producer-218] DefaultPartitioner is deprecated.  Please clear partitioner.class configuration setting to get the default partitioning behavior
2023-06-27 16:48:50,416 WARN  [org.apa.kaf.cli.pro.KafkaProducer] (main) [Producer clientId=producer-219] DefaultPartitioner is deprecated.  Please clear partitioner.class configuration setting to get the default partitioning behavior
2023-06-27 16:48:50,418 WARN  [org.apa.kaf.cli.pro.KafkaProducer] (main) [Producer clientId=producer-220] DefaultPartitioner is deprecated.  Please clear partitioner.class configuration setting to get the default partitioning behavior
2023-06-27 16:48:50,420 INFO  [org.apa.cam.com.kaf.KafkaConsumer] (main) Starting Kafka consumer on topic: test with breakOnFirstError: false
2023-06-27 16:48:50,421 INFO  [org.apa.cam.com.kaf.KafkaFetchRecords] (Camel (camel-1) thread #3 - KafkaConsumer[test]) Connecting Kafka consumer thread ID test-Thread 0 with poll timeout of 5000 ms
2023-06-27 16:48:50,423 INFO  [org.apa.cam.com.kaf.con.sup.cla.AssignmentAdapterHelper] (Camel (camel-1) thread #3 - KafkaConsumer[test]) Using NO-OP resume strategy
2023-06-27 16:48:50,423 INFO  [org.apa.cam.com.kaf.KafkaFetchRecords] (Camel (camel-1) thread #3 - KafkaConsumer[test]) Subscribing test-Thread 0 to topic test
2023-06-27 16:48:50,432 WARN  [org.apa.kaf.cli.pro.KafkaProducer] (main) [Producer clientId=producer-221] DefaultPartitioner is deprecated.  Please clear partitioner.class configuration setting to get the default partitioning behavior
2023-06-27 16:48:50,435 WARN  [org.apa.kaf.cli.pro.KafkaProducer] (main) [Producer clientId=producer-222] DefaultPartitioner is deprecated.  Please clear partitioner.class configuration setting to get the default partitioning behavior
2023-06-27 16:48:50,436 WARN  [org.apa.kaf.cli.pro.KafkaProducer] (main) [Producer clientId=producer-223] DefaultPartitioner is deprecated.  Please clear partitioner.class configuration setting to get the default partitioning behavior
2023-06-27 16:48:50,450 WARN  [org.apa.kaf.cli.pro.KafkaProducer] (main) [Producer clientId=producer-224] DefaultPartitioner is deprecated.  Please clear partitioner.class configuration setting to get the default partitioning behavior
2023-06-27 16:48:50,452 WARN  [org.apa.kaf.cli.pro.KafkaProducer] (main) [Producer clientId=producer-225] DefaultPartitioner is deprecated.  Please clear partitioner.class configuration setting to get the default partitioning behavior
2023-06-27 16:48:50,454 WARN  [org.apa.kaf.cli.pro.KafkaProducer] (main) [Producer clientId=producer-226] DefaultPartitioner is deprecated.  Please clear partitioner.class configuration setting to get the default partitioning behavior
2023-06-27 16:48:50,466 WARN  [org.apa.kaf.cli.pro.KafkaProducer] (main) [Producer clientId=producer-227] DefaultPartitioner is deprecated.  Please clear partitioner.class configuration setting to get the default partitioning behavior
2023-06-27 16:48:50,469 WARN  [org.apa.kaf.cli.pro.KafkaProducer] (main) [Producer clientId=producer-228] DefaultPartitioner is deprecated.  Please clear partitioner.class configuration setting to get the default partitioning behavior
2023-06-27 16:48:50,471 WARN  [org.apa.kaf.cli.pro.KafkaProducer] (main) [Producer clientId=producer-229] DefaultPartitioner is deprecated.  Please clear partitioner.class configuration setting to get the default partitioning behavior
2023-06-27 16:48:50,495 WARN  [org.apa.kaf.cli.pro.KafkaProducer] (main) [Producer clientId=producer-230] DefaultPartitioner is deprecated.  Please clear partitioner.class configuration setting to get the default partitioning behavior
2023-06-27 16:48:50,498 WARN  [org.apa.kaf.cli.pro.KafkaProducer] (main) [Producer clientId=producer-231] DefaultPartitioner is deprecated.  Please clear partitioner.class configuration setting to get the default partitioning behavior
2023-06-27 16:48:50,500 WARN  [org.apa.kaf.cli.pro.KafkaProducer] (main) [Producer clientId=producer-232] DefaultPartitioner is deprecated.  Please clear partitioner.class configuration setting to get the default partitioning behavior
2023-06-27 16:48:50,512 WARN  [org.apa.kaf.cli.pro.KafkaProducer] (main) [Producer clientId=producer-233] DefaultPartitioner is deprecated.  Please clear partitioner.class configuration setting to get the default partitioning behavior
2023-06-27 16:48:50,514 WARN  [org.apa.kaf.cli.pro.KafkaProducer] (main) [Producer clientId=producer-234] DefaultPartitioner is deprecated.  Please clear partitioner.class configuration setting to get the default partitioning behavior
2023-06-27 16:48:50,516 WARN  [org.apa.kaf.cli.pro.KafkaProducer] (main) [Producer clientId=producer-235] DefaultPartitioner is deprecated.  Please clear partitioner.class configuration setting to get the default partitioning behavior
2023-06-27 16:48:50,528 WARN  [org.apa.kaf.cli.pro.KafkaProducer] (main) [Producer clientId=producer-236] DefaultPartitioner is deprecated.  Please clear partitioner.class configuration setting to get the default partitioning behavior
2023-06-27 16:48:50,531 WARN  [org.apa.kaf.cli.pro.KafkaProducer] (main) [Producer clientId=producer-237] DefaultPartitioner is deprecated.  Please clear partitioner.class configuration setting to get the default partitioning behavior
2023-06-27 16:48:50,533 WARN  [org.apa.kaf.cli.pro.KafkaProducer] (main) [Producer clientId=producer-238] DefaultPartitioner is deprecated.  Please clear partitioner.class configuration setting to get the default partitioning behavior
2023-06-27 16:48:50,550 WARN  [org.apa.kaf.cli.pro.KafkaProducer] (main) [Producer clientId=producer-239] DefaultPartitioner is deprecated.  Please clear partitioner.class configuration setting to get the default partitioning behavior
2023-06-27 16:48:50,553 WARN  [org.apa.kaf.cli.pro.KafkaProducer] (main) [Producer clientId=producer-240] DefaultPartitioner is deprecated.  Please clear partitioner.class configuration setting to get the default partitioning behavior
2023-06-27 16:48:50,555 WARN  [org.apa.kaf.cli.pro.KafkaProducer] (main) [Producer clientId=producer-241] DefaultPartitioner is deprecated.  Please clear partitioner.class configuration setting to get the default partitioning behavior
2023-06-27 16:48:50,571 WARN  [org.apa.kaf.cli.pro.KafkaProducer] (main) [Producer clientId=producer-242] DefaultPartitioner is deprecated.  Please clear partitioner.class configuration setting to get the default partitioning behavior
2023-06-27 16:48:50,574 WARN  [org.apa.kaf.cli.pro.KafkaProducer] (main) [Producer clientId=producer-243] DefaultPartitioner is deprecated.  Please clear partitioner.class configuration setting to get the default partitioning behavior
2023-06-27 16:48:50,575 WARN  [org.apa.kaf.cli.pro.KafkaProducer] (main) [Producer clientId=producer-244] DefaultPartitioner is deprecated.  Please clear partitioner.class configuration setting to get the default partitioning behavior
2023-06-27 16:48:50,592 WARN  [org.apa.kaf.cli.pro.KafkaProducer] (main) [Producer clientId=producer-245] DefaultPartitioner is deprecated.  Please clear partitioner.class configuration setting to get the default partitioning behavior
2023-06-27 16:48:50,595 WARN  [org.apa.kaf.cli.pro.KafkaProducer] (main) [Producer clientId=producer-246] DefaultPartitioner is deprecated.  Please clear partitioner.class configuration setting to get the default partitioning behavior
2023-06-27 16:48:50,597 WARN  [org.apa.kaf.cli.pro.KafkaProducer] (main) [Producer clientId=producer-247] DefaultPartitioner is deprecated.  Please clear partitioner.class configuration setting to get the default partitioning behavior
2023-06-27 16:48:50,606 WARN  [org.apa.kaf.cli.pro.KafkaProducer] (main) [Producer clientId=producer-248] DefaultPartitioner is deprecated.  Please clear partitioner.class configuration setting to get the default partitioning behavior
2023-06-27 16:48:50,609 WARN  [org.apa.kaf.cli.pro.KafkaProducer] (main) [Producer clientId=producer-249] DefaultPartitioner is deprecated.  Please clear partitioner.class configuration setting to get the default partitioning behavior
2023-06-27 16:48:50,610 WARN  [org.apa.kaf.cli.pro.KafkaProducer] (main) [Producer clientId=producer-250] DefaultPartitioner is deprecated.  Please clear partitioner.class configuration setting to get the default partitioning behavior
2023-06-27 16:48:50,627 WARN  [org.apa.kaf.cli.pro.KafkaProducer] (main) [Producer clientId=producer-251] DefaultPartitioner is deprecated.  Please clear partitioner.class configuration setting to get the default partitioning behavior
2023-06-27 16:48:50,629 WARN  [org.apa.kaf.cli.pro.KafkaProducer] (main) [Producer clientId=producer-252] DefaultPartitioner is deprecated.  Please clear partitioner.class configuration setting to get the default partitioning behavior
2023-06-27 16:48:50,631 WARN  [org.apa.kaf.cli.pro.KafkaProducer] (main) [Producer clientId=producer-253] DefaultPartitioner is deprecated.  Please clear partitioner.class configuration setting to get the default partitioning behavior
2023-06-27 16:48:50,642 WARN  [org.apa.kaf.cli.pro.KafkaProducer] (main) [Producer clientId=producer-254] DefaultPartitioner is deprecated.  Please clear partitioner.class configuration setting to get the default partitioning behavior
2023-06-27 16:48:50,645 WARN  [org.apa.kaf.cli.pro.KafkaProducer] (main) [Producer clientId=producer-255] DefaultPartitioner is deprecated.  Please clear partitioner.class configuration setting to get the default partitioning behavior
2023-06-27 16:48:50,648 WARN  [org.apa.kaf.cli.pro.KafkaProducer] (main) [Producer clientId=producer-256] DefaultPartitioner is deprecated.  Please clear partitioner.class configuration setting to get the default partitioning behavior
2023-06-27 16:48:50,665 WARN  [org.apa.kaf.cli.pro.KafkaProducer] (main) [Producer clientId=producer-257] DefaultPartitioner is deprecated.  Please clear partitioner.class configuration setting to get the default partitioning behavior
2023-06-27 16:48:50,669 WARN  [org.apa.kaf.cli.pro.KafkaProducer] (main) [Producer clientId=producer-258] DefaultPartitioner is deprecated.  Please clear partitioner.class configuration setting to get the default partitioning behavior
2023-06-27 16:48:50,670 WARN  [org.apa.kaf.cli.pro.KafkaProducer] (main) [Producer clientId=producer-259] DefaultPartitioner is deprecated.  Please clear partitioner.class configuration setting to get the default partitioning behavior
2023-06-27 16:48:50,679 WARN  [org.apa.kaf.cli.pro.KafkaProducer] (main) [Producer clientId=producer-260] DefaultPartitioner is deprecated.  Please clear partitioner.class configuration setting to get the default partitioning behavior
2023-06-27 16:48:50,681 WARN  [org.apa.kaf.cli.pro.KafkaProducer] (main) [Producer clientId=producer-261] DefaultPartitioner is deprecated.  Please clear partitioner.class configuration setting to get the default partitioning behavior
2023-06-27 16:48:50,683 WARN  [org.apa.kaf.cli.pro.KafkaProducer] (main) [Producer clientId=producer-262] DefaultPartitioner is deprecated.  Please clear partitioner.class configuration setting to get the default partitioning behavior
2023-06-27 16:48:50,694 WARN  [org.apa.kaf.cli.pro.KafkaProducer] (main) [Producer clientId=producer-263] DefaultPartitioner is deprecated.  Please clear partitioner.class configuration setting to get the default partitioning behavior
2023-06-27 16:48:50,696 WARN  [org.apa.kaf.cli.pro.KafkaProducer] (main) [Producer clientId=producer-264] DefaultPartitioner is deprecated.  Please clear partitioner.class configuration setting to get the default partitioning behavior
2023-06-27 16:48:50,698 WARN  [org.apa.kaf.cli.pro.KafkaProducer] (main) [Producer clientId=producer-265] DefaultPartitioner is deprecated.  Please clear partitioner.class configuration setting to get the default partitioning behavior
2023-06-27 16:48:50,700 WARN  [org.apa.kaf.cli.pro.KafkaProducer] (main) [Producer clientId=producer-266] DefaultPartitioner is deprecated.  Please clear partitioner.class configuration setting to get the default partitioning behavior
2023-06-27 16:48:51,055 INFO  [org.apa.cam.imp.eng.AbstractCamelContext] (main) Stopped publishEventKPI (direct://publishEventKPI)
2023-06-27 16:48:51,062 INFO  [org.apa.cam.imp.eng.AbstractCamelContext] (main) Shutdown publishEventKPI (direct://publishEventKPI)
2023-06-27 16:48:51,069 INFO  [org.apa.cam.bui.AdviceWithTasks] (main) AdviceWith (kafka-send-to-event-kpi) : [To[kafka:{{kafka.topic.kpis.name}}]] --> replace [To[mock://kafkaIntegration]]
2023-06-27 16:48:51,070 INFO  [org.apa.cam.bui.AdviceWith] (main) AdviceWith route after: Route(publishEventKPI)[From[direct:publishEventKPI] -> [OnException[[java.net.ConnectException, java.net.SocketTimeoutException] -> [Log[onException(ConnectException, SocketTimeoutException) called.], SetBody[constant{An unexpected network error occurred}]]], OnException[[org.apache.camel.http.base.HttpOperationFailedException] -> [Choice[[When[simple{${exchangeProperty.kpi_event_object} != null} -> [process[Processor@0x23b4f0a9], Marshal[org.apache.camel.model.dataformat.JsonDataFormat@108a7fff], Log[Publishing derived event KPI in Exception handler ...], Log[Derived event KPI published.], Log[Caught HttpOperationFailed exception], SetProperty[kpi_status, simple{EVENT_PROCESSING_FAILED}], SetProperty[error_event_object, simple{${body}}], To[kafka:{{kafka.topic.kpis.name}}]]]] Otherwise[[Log[HttpOperationFailedException thrown: ${exception.message}], process[Processor@0x56f8ab05], SetHeader[CamelHttpResponseCode, simple{${exception.statusCode}}], Transform[simple{${body}}], SetHeader[CCMException, simple{{"error": "${exception.message}"}}], SetHeader[CCMExceptionEncoded, simple{${body}}]]]]]], OnException[[org.apache.camel.CamelException] -> [Choice[[When[simple{${exchangeProperty.kpi_event_object} != null} -> [process[Processor@0x619dc070], Marshal[org.apache.camel.model.dataformat.JsonDataFormat@22ab3e3b], Log[Publishing derived event KPI in Exception handler ...], Log[Derived event KPI published.], Log[Caught CamelException exception], SetProperty[kpi_status, simple{EVENT_PROCESSING_FAILED}], SetProperty[error_event_object, simple{${body}}], To[kafka:{{kafka.topic.kpis.name}}]]]] Otherwise[[Log[CamelException thrown: ${exception.message}], SetHeader[CamelHttpResponseCode, simple{500}], SetBody[simple{{"error": "${exception.message}"}}], Transform[simple{Error reported: ${exception.message} - cannot process this message.}], SetHeader[CamelHttpResponseText, simple{{"error": "${exception.message}"}}], SetHeader[CCMException, simple{{"error": "${exception.message}"}}]]]]]], OnException[[java.lang.Exception] -> [Choice[[When[simple{${exchangeProperty.kpi_event_object} != null} -> [process[Processor@0x1639ec7a], Marshal[org.apache.camel.model.dataformat.JsonDataFormat@1928208d], Log[Publishing derived event KPI in Exception handler ...], Log[Derived event KPI published.], Log[Caught General exception exception], SetProperty[kpi_status, simple{EVENT_PROCESSING_FAILED}], SetProperty[error_event_object, simple{${body}}], To[kafka:{{kafka.topic.kpis.name}}]]]] Otherwise[[Log[General Exception thrown: ${exception.message}], SetHeader[CamelHttpResponseCode, simple{500}], SetBody[simple{{"error": "${exception.message}"}}], Transform[simple{Error reported: ${exception.message} - cannot process this message.}], SetHeader[CamelHttpResponseText, simple{{"error": "${exception.message}"}}], SetHeader[CCMException, simple{{"error": "${exception.message}"}}]]]]]], process[Processor@0x46bd6c87], Marshal[org.apache.camel.model.dataformat.JsonDataFormat@4299feea], Log[Event kpi: ${body}], To[mock://kafkaIntegration]]]
2023-06-27 16:48:51,085 WARN  [org.apa.kaf.cli.pro.KafkaProducer] (main) [Producer clientId=producer-267] DefaultPartitioner is deprecated.  Please clear partitioner.class configuration setting to get the default partitioning behavior
2023-06-27 16:48:51,088 WARN  [org.apa.kaf.cli.pro.KafkaProducer] (main) [Producer clientId=producer-268] DefaultPartitioner is deprecated.  Please clear partitioner.class configuration setting to get the default partitioning behavior
2023-06-27 16:48:51,090 WARN  [org.apa.kaf.cli.pro.KafkaProducer] (main) [Producer clientId=producer-269] DefaultPartitioner is deprecated.  Please clear partitioner.class configuration setting to get the default partitioning behavior
2023-06-27 16:48:51,122 INFO  [org.apa.cam.com.moc.MockEndpoint] (main) Asserting: mock://kafkaIntegration is satisfied
2023-06-27 16:48:51,139 INFO  [org.apa.cam.tes.jun.CamelTestSupport] (main) ********************************************************************************
2023-06-27 16:48:51,140 INFO  [org.apa.cam.tes.jun.CamelTestSupport] (main) Testing done: testPublishEventKPI() (ccm.CcmDemsAdapterTest)
2023-06-27 16:48:51,140 INFO  [org.apa.cam.tes.jun.CamelTestSupport] (main) Took: 437ms (437 millis)
2023-06-27 16:48:51,140 INFO  [org.apa.cam.tes.jun.CamelTestSupport] (main) ********************************************************************************
]]></system-out>
  </testcase>
</testsuite>